<?xml version="1.0" encoding="UTF-8"?>
<!-- Generated by org.testng.reporters.JUnitXMLReporter -->
<testsuite hostname="Rahul" ignored="0" name="Add_multiple_merchant_products_into_cart_guest" tests="2" failures="0" timestamp="2020-06-12T16:14:50 IST" time="119.252" errors="0">
  <testcase name="add_product_multiple_merchant_guest" time="16.029" classname="megastores.Add_multiple_merchant_products_into_cart_guest"/>
  <testcase name="add_product_diff_merchant_guest" time="78.452" classname="megastores.Add_multiple_merchant_products_into_cart_guest"/>
</testsuite> <!-- Add_multiple_merchant_products_into_cart_guest -->
