<?xml version="1.0" encoding="UTF-8"?>
<!-- Generated by org.testng.reporters.JUnitXMLReporter -->
<testsuite hostname="Rahul" ignored="0" name="add_multiple_merchant_product_into_cart_from_login" tests="2" failures="0" timestamp="2020-06-12T16:12:50 IST" time="185.568" errors="0">
  <testcase name="goto_product_listview" time="67.002" classname="megastores.add_multiple_merchant_product_into_cart_from_login"/>
  <testcase name="add_product_diff_merchant_guest" time="101.48" classname="megastores.add_multiple_merchant_product_into_cart_from_login"/>
</testsuite> <!-- add_multiple_merchant_product_into_cart_from_login -->
