<?xml version="1.0" encoding="UTF-8"?>
<!-- Generated by org.testng.reporters.JUnitXMLReporter -->
<testsuite hostname="Rahul" ignored="0" name="Address Test" tests="10" failures="0" timestamp="2020-06-12T16:07:46 IST" time="420.785" errors="0">
  <testcase name="goto_address" time="42.105" classname="megastores.Address"/>
  <testcase name="empty_address" time="40.66" classname="megastores.Address"/>
  <testcase name="existing_address_title" time="49.569" classname="megastores.Address"/>
  <testcase name="valid_add_address" time="52.926" classname="megastores.Address"/>
  <testcase name="valid_add_address_default" time="68.35" classname="megastores.Address">
    <skipped/>
  </testcase> <!-- valid_add_address_default -->
  <testcase name="valid_add_address_default" time="60.029" classname="megastores.Address"/>
  <testcase name="edit_details" time="34.321" classname="megastores.Address"/>
  <testcase name="delete_address" time="23.776" classname="megastores.Address"/>
  <testcase name="delete_added_address_no_default" time="18.393" classname="megastores.Address"/>
  <testcase name="delete_added_address_default" time="3.934" classname="megastores.Address"/>
</testsuite> <!-- Address Test -->
