<?xml version="1.0" encoding="UTF-8"?>
<!-- Generated by org.testng.reporters.JUnitXMLReporter -->
<testsuite hostname="Rahul" ignored="0" name="Change_Profile_Picture Test" tests="4" failures="0" timestamp="2020-06-12T15:51:08 IST" time="117.153" errors="0">
  <testcase name="Go_to_profile" time="35.489" classname="megastores.Change_Profile_Picture"/>
  <testcase name="edit_valid_profile_pic" time="32.407" classname="megastores.Change_Profile_Picture"/>
  <testcase name="edit_invalid_profile_pic" time="11.995" classname="megastores.Change_Profile_Picture">
    <skipped/>
  </testcase> <!-- edit_invalid_profile_pic -->
  <testcase name="edit_invalid_profile_pic" time="12.932" classname="megastores.Change_Profile_Picture"/>
</testsuite> <!-- Change_Profile_Picture Test -->
