<?xml version="1.0" encoding="UTF-8"?>
<!-- Generated by org.testng.reporters.JUnitXMLReporter -->
<testsuite hostname="Rahul" ignored="0" name="Change_Email Test" tests="5" failures="0" timestamp="2020-06-12T15:41:56 IST" time="129.099" errors="0">
  <testcase name="Go_to_change_email" time="37.026" classname="megastores.Change_Email"/>
  <testcase name="chng_email_empty_mail_id" time="12.351" classname="megastores.Change_Email"/>
  <testcase name="change_email_invalid_email" time="24.665" classname="megastores.Change_Email"/>
  <testcase name="change_email_existing_id" time="13.763" classname="megastores.Change_Email"/>
  <testcase name="change_email_valid_id" time="19.959" classname="megastores.Change_Email"/>
</testsuite> <!-- Change_Email Test -->
