<?xml version="1.0" encoding="UTF-8"?>
<!-- Generated by org.testng.reporters.JUnitXMLReporter -->
<testsuite hostname="Rahul" ignored="0" name="Change_Password Test" tests="9" failures="0" timestamp="2020-06-12T15:45:43 IST" time="227.241" errors="0">
  <testcase name="go_to_change_pass" time="36.449" classname="megastores.Change_Password"/>
  <testcase name="change_pass_all_empty" time="15.633" classname="megastores.Change_Password"/>
  <testcase name="change_pass_old_empty" time="15.555" classname="megastores.Change_Password"/>
  <testcase name="change_pass_min_length_check" time="20.972" classname="megastores.Change_Password"/>
  <testcase name="change_pass_format_check" time="21.018" classname="megastores.Change_Password"/>
  <testcase name="change_pass_new_confirm_dont_match" time="21.087" classname="megastores.Change_Password"/>
  <testcase name="change_pass_old_pass_dont_match" time="26.844" classname="megastores.Change_Password"/>
  <testcase name="change_pass_all_validdata" time="23.953" classname="megastores.Change_Password"/>
  <testcase name="reset_password" time="23.455" classname="megastores.Change_Password"/>
</testsuite> <!-- Change_Password Test -->
