<?xml version="1.0" encoding="UTF-8"?>
<!-- Generated by org.testng.reporters.JUnitXMLReporter -->
<testsuite hostname="Rahul" ignored="0" name="Change_Profile_Info Test" tests="5" failures="0" timestamp="2020-06-12T15:39:47 IST" time="120.784" errors="0">
  <testcase name="Go_to_profile" time="33.755" classname="megastores.Change_Profile_Info"/>
  <testcase name="empty_fname_lname" time="16.723" classname="megastores.Change_Profile_Info"/>
  <testcase name="empty_fname" time="13.552" classname="megastores.Change_Profile_Info"/>
  <testcase name="lname_empty" time="13.554" classname="megastores.Change_Profile_Info"/>
  <testcase name="all_filled_details" time="20.122" classname="megastores.Change_Profile_Info"/>
</testsuite> <!-- Change_Profile_Info Test -->
