<?xml version="1.0" encoding="UTF-8"?>
<!-- Generated by org.testng.reporters.JUnitXMLReporter -->
<testsuite hostname="Rahul" ignored="0" name="ContactUs Test" tests="4" failures="0" timestamp="2020-06-12T15:23:44 IST" time="78.204" errors="0">
  <testcase name="openUrl" time="41.176" classname="megastores.ContactUs"/>
  <testcase name="InvaliduserName" time="12.283" classname="megastores.ContactUs"/>
  <testcase name="InvalidEmail" time="11.981" classname="megastores.ContactUs"/>
  <testcase name="validData" time="11.893" classname="megastores.ContactUs"/>
</testsuite> <!-- ContactUs Test -->
