<?xml version="1.0" encoding="UTF-8"?>
<!-- Generated by org.testng.reporters.JUnitXMLReporter -->
<testsuite hostname="Rahul" ignored="0" name="Default test" tests="3" failures="0" timestamp="2020-05-22T15:09:32 IST" time="96.333" errors="0">
  <testcase name="search_Goto_detailview_shrujan" time="28.406" classname="megastores.Search_Goto_Detailview"/>
  <testcase name="goto_detailview_vrdi" time="26.529" classname="megastores.Search_Goto_Detailview"/>
  <testcase name="goto_detailview_mohmed_khatri" time="22.915" classname="megastores.Search_Goto_Detailview"/>
</testsuite> <!-- Default test -->
