<?xml version="1.0" encoding="UTF-8"?>
<!-- Generated by org.testng.reporters.JUnitXMLReporter -->
<testsuite hostname="Rahul" ignored="0" name="Forgot_Username Test" tests="4" failures="0" timestamp="2020-06-12T15:37:46 IST" time="128.672" errors="0">
  <testcase name="fgt_usr_existing_username" time="26.381" classname="megastores.Forgot_Username"/>
  <testcase name="fgt_user_non_existing_username" time="26.63" classname="megastores.Forgot_Username"/>
  <testcase name="fgt_usr_empty_email" time="27.177" classname="megastores.Forgot_Username"/>
  <testcase name="fgt_usr_invalid_email" time="26.666" classname="megastores.Forgot_Username"/>
</testsuite> <!-- Forgot_Username Test -->
