<?xml version="1.0" encoding="UTF-8"?>
<!-- Generated by org.testng.reporters.JUnitXMLReporter -->
<testsuite hostname="Rahul" ignored="0" name="Goto_artisans_and_producers_page_goto_shrujan_detail_view_from_here" tests="1" failures="0" timestamp="2020-06-12T16:22:52 IST" time="61.546" errors="0">
  <testcase name="goto_artisans_producers" time="39.293" classname="megastores.Goto_artisans_and_producers_page_goto_shrujan_detail_view_from_here"/>
</testsuite> <!-- Goto_artisans_and_producers_page_goto_shrujan_detail_view_from_here -->
