<?xml version="1.0" encoding="UTF-8"?>
<!-- Generated by org.testng.reporters.JUnitXMLReporter -->
<testsuite hostname="Rahul" ignored="0" name="Login Test" tests="7" failures="0" timestamp="2020-06-12T15:32:34 IST" time="199.804" errors="0">
  <testcase name="login_valid_username_password" time="39.595" classname="megastores.Login"/>
  <testcase name="login_invusername_validpass" time="22.84" classname="megastores.Login"/>
  <testcase name="valusername_invpass" time="23.491" classname="megastores.Login"/>
  <testcase name="invusername_invpassword" time="22.813" classname="megastores.Login"/>
  <testcase name="empusername_emppassword" time="20.936" classname="megastores.Login"/>
  <testcase name="empusername_valpassword" time="20.394" classname="megastores.Login"/>
  <testcase name="valusername_emppassword" time="20.557" classname="megastores.Login"/>
</testsuite> <!-- Login Test -->
