<?xml version="1.0" encoding="UTF-8"?>
<!-- Generated by org.testng.reporters.JUnitXMLReporter -->
<testsuite hostname="Rahul" ignored="0" name="Profile_Change_Mobile_Number Test" tests="9" failures="0" timestamp="2020-06-12T15:49:11 IST" time="207.26" errors="0">
  <testcase name="Go_to_Change_mobile_number" time="35.765" classname="megastores.Profile_Change_Mobile_Number"/>
  <testcase name="empty_field" time="6.551" classname="megastores.Profile_Change_Mobile_Number"/>
  <testcase name="phone_number_exist" time="7.483" classname="megastores.Profile_Change_Mobile_Number"/>
  <testcase name="four_alphabets" time="9.573" classname="megastores.Profile_Change_Mobile_Number"/>
  <testcase name="ten_alphabets" time="12.617" classname="megastores.Profile_Change_Mobile_Number"/>
  <testcase name="four_numbers" time="12.566" classname="megastores.Profile_Change_Mobile_Number"/>
  <testcase name="sixteen_numbers" time="12.666" classname="megastores.Profile_Change_Mobile_Number"/>
  <testcase name="ten_numbers" time="37.711" classname="megastores.Profile_Change_Mobile_Number"/>
  <testcase name="fifteen_numbers" time="48.874" classname="megastores.Profile_Change_Mobile_Number"/>
</testsuite> <!-- Profile_Change_Mobile_Number Test -->
