<?xml version="1.0" encoding="UTF-8"?>
<!-- Generated by org.testng.reporters.JUnitXMLReporter -->
<testsuite hostname="Rahul" ignored="0" name="Resend_Email_Verification_Link Test" tests="5" failures="0" timestamp="2020-06-12T16:09:45 IST" time="118.808" errors="0">
  <testcase name="Go_to_My_Account" time="38.145" classname="megastores.Resend_Email_Verification_Link"/>
  <testcase name="empty_email" time="9.585" classname="megastores.Resend_Email_Verification_Link"/>
  <testcase name="invalid_email" time="25.088" classname="megastores.Resend_Email_Verification_Link"/>
  <testcase name="existing_mail" time="11.003" classname="megastores.Resend_Email_Verification_Link"/>
  <testcase name="valid_email" time="16.421" classname="megastores.Resend_Email_Verification_Link"/>
</testsuite> <!-- Resend_Email_Verification_Link Test -->
