<?xml version="1.0" encoding="UTF-8"?>
<!-- Generated by org.testng.reporters.JUnitXMLReporter -->
<testsuite hostname="Rahul" ignored="0" name="Search_Goto_Detailview Test" tests="3" failures="0" timestamp="2020-06-12T15:59:52 IST" time="93.559" errors="0">
  <testcase name="search_Goto_detailview_shrujan" time="26.763" classname="megastores.Search_Goto_Detailview"/>
  <testcase name="goto_detailview_vrdi" time="23.069" classname="megastores.Search_Goto_Detailview"/>
  <testcase name="goto_detailview_mohmed_khatri" time="26.49" classname="megastores.Search_Goto_Detailview"/>
</testsuite> <!-- Search_Goto_Detailview Test -->
