<?xml version="1.0" encoding="UTF-8"?>
<testng-results skipped="0" failed="18" ignored="0" retried="38" total="155" passed="99">
  <reporter-output>
    <line>
      <![CDATA[Browser launched !!]]>
    </line>
    <line>
      <![CDATA[Contact us page opened !!]]>
    </line>
    <line>
      <![CDATA[Browser launched !!]]>
    </line>
    <line>
      <![CDATA[Partner with us page opened !!]]>
    </line>
    <line>
      <![CDATA[Test failed for invalid shop name]]>
    </line>
    <line>
      <![CDATA[Test passed for invalid Name : The contact person format is invalid.]]>
    </line>
    <line>
      <![CDATA[Test passed for invalid Mobile No. : The contact number must be a number.]]>
    </line>
    <line>
      <![CDATA[Test passed for invalid Email : The email must be a valid email address.]]>
    </line>
    <line>
      <![CDATA[Test passed for valid data : Request submitted successfully]]>
    </line>
    <line>
      <![CDATA[Browser launched !!]]>
    </line>
    <line>
      <![CDATA[Test failed for empty fields]]>
    </line>
    <line>
      <![CDATA[Test passed for invalid username length : Please enter at least 5 characters.]]>
    </line>
    <line>
      <![CDATA[Test passed for invalid numeric username : Only Number not allowed.]]>
    </line>
    <line>
      <![CDATA[Test passed for invalid numeric shop name : Only Number not allowed.]]>
    </line>
    <line>
      <![CDATA[Test passed for invalid Password length : Minimum 6 character are required]]>
    </line>
    <line>
      <![CDATA[Test passed for invalid Password Combination : Minimum 6 characters are mandatory, containing at least 1 lower case letter, 1 digit, and 1 symbol.]]>
    </line>
    <line>
      <![CDATA[Test passed for Retype password didn't match : Password doesn't matched]]>
    </line>
    <line>
      <![CDATA[Test passed for Invalid Email : Please enter valid email.]]>
    </line>
    <line>
      <![CDATA[Test passed for Invalid Phone No. : Enter 10 digit mobile number]]>
    </line>
    <line>
      <![CDATA[Test passed for Invalid Pincode : Enter valid pincode]]>
    </line>
    <line>
      <![CDATA[Test passed for valid data : OTP has been sent to your registered number]]>
    </line>
    <line>
      <![CDATA[Login clicked]]>
    </line>
    <line>
      <![CDATA[Username added]]>
    </line>
    <line>
      <![CDATA[Password added]]>
    </line>
    <line>
      <![CDATA[Submit clicked]]>
    </line>
    <line>
      <![CDATA[Login successfull]]>
    </line>
    <line>
      <![CDATA[Logout Successfull]]>
    </line>
    <line>
      <![CDATA[Login clicked]]>
    </line>
    <line>
      <![CDATA[Username added]]>
    </line>
    <line>
      <![CDATA[Password added]]>
    </line>
    <line>
      <![CDATA[Submit clicked]]>
    </line>
    <line>
      <![CDATA[Test Passed: Not able to login using invalid username and valid password]]>
    </line>
    <line>
      <![CDATA[Login clicked]]>
    </line>
    <line>
      <![CDATA[Username added]]>
    </line>
    <line>
      <![CDATA[Password added]]>
    </line>
    <line>
      <![CDATA[Submit clicked]]>
    </line>
    <line>
      <![CDATA[Test Passed: Not able to login using valid username and Invalid password]]>
    </line>
    <line>
      <![CDATA[Login clicked]]>
    </line>
    <line>
      <![CDATA[Username added]]>
    </line>
    <line>
      <![CDATA[Password added]]>
    </line>
    <line>
      <![CDATA[Submit clicked]]>
    </line>
    <line>
      <![CDATA[Test Passed: Not able to login using invalid username and invalid password]]>
    </line>
    <line>
      <![CDATA[Login clicked]]>
    </line>
    <line>
      <![CDATA[Username added]]>
    </line>
    <line>
      <![CDATA[Password added]]>
    </line>
    <line>
      <![CDATA[Submit clicked]]>
    </line>
    <line>
      <![CDATA[Test Passed: Giving error message]]>
    </line>
    <line>
      <![CDATA[Login clicked]]>
    </line>
    <line>
      <![CDATA[Username added]]>
    </line>
    <line>
      <![CDATA[Password added]]>
    </line>
    <line>
      <![CDATA[Submit clicked]]>
    </line>
    <line>
      <![CDATA[Test Passed: Giving error message]]>
    </line>
    <line>
      <![CDATA[Login clicked]]>
    </line>
    <line>
      <![CDATA[Username added]]>
    </line>
    <line>
      <![CDATA[Password added]]>
    </line>
    <line>
      <![CDATA[Submit clicked]]>
    </line>
    <line>
      <![CDATA[Test Passed: Giving error message]]>
    </line>
    <line>
      <![CDATA[Existing Email: Login clicked successfully]]>
    </line>
    <line>
      <![CDATA[Existing Email: Forgot Password Link clicked successfully]]>
    </line>
    <line>
      <![CDATA[Existing Email: Navigated to OTP screen successfully]]>
    </line>
    <line>
      <![CDATA[Test failed: The screen does not consist of title OTP]]>
    </line>
    <line>
      <![CDATA[Non Existing Email: Login clicked successfully]]>
    </line>
    <line>
      <![CDATA[Non Existing Email: Forgot Password Link clicked successfully]]>
    </line>
    <line>
      <![CDATA[Test Passed: Non Existing Email: Not redirecting the user to OTP screen if the email does not exist.]]>
    </line>
    <line>
      <![CDATA[Existing Phone Number: Login clicked successfully]]>
    </line>
    <line>
      <![CDATA[Existing Phone Number: Forgot Password Link clicked successfully]]>
    </line>
    <line>
      <![CDATA[Existing Phone Number: Navigated to OTP screen successfully]]>
    </line>
    <line>
      <![CDATA[Test Passed: Existing Phone Number: Not able to Submit null OTP]]>
    </line>
    <line>
      <![CDATA[Non Existing Phone number: Login clicked successfully]]>
    </line>
    <line>
      <![CDATA[Non Existing Phone number: Forgot Password Link clicked successfully]]>
    </line>
    <line>
      <![CDATA[Test Passed: Non Existing Phone number: Not redirecting the user to OTP screen if the phone number does not exist.]]>
    </line>
    <line>
      <![CDATA[Existing username: Existing Phone Number: Login clicked successfully]]>
    </line>
    <line>
      <![CDATA[Existing username: Existing Phone Number: Forgot Password Link clicked successfully]]>
    </line>
    <line>
      <![CDATA[Existing username: Existing Phone Number: Navigated to OTP screen successfully]]>
    </line>
    <line>
      <![CDATA[Test Passed: Existing username: Existing Phone Number: Not able to Submit null OTP]]>
    </line>
    <line>
      <![CDATA[Non existing username: Login clicked successfully]]>
    </line>
    <line>
      <![CDATA[Non existing username: Forgot Password Link clicked successfully]]>
    </line>
    <line>
      <![CDATA[Test Passed: Non existing username: Non Existing Phone number: Not redirecting the user to OTP screen if the phone number does not exist.]]>
    </line>
    <line>
      <![CDATA[Empty field: Login clicked successfully]]>
    </line>
    <line>
      <![CDATA[Empty field: Forgot Password Link clicked successfully]]>
    </line>
    <line>
      <![CDATA[Test Passed : Empty field : Not redirecting user to OTP screen if the fields are empty]]>
    </line>
    <line>
      <![CDATA[Existing Username: Login clicked successfully]]>
    </line>
    <line>
      <![CDATA[Existing Username: Forgot Password Link clicked successfully]]>
    </line>
    <line>
      <![CDATA[Existing Username: Forgot Username Link clicked successfully]]>
    </line>
    <line>
      <![CDATA[Test Passed : Username successfully sent to email id.]]>
    </line>
    <line>
      <![CDATA[Non-Existing Username: Login clicked successfully]]>
    </line>
    <line>
      <![CDATA[Non-Existing Username: Forgot Password Link clicked successfully]]>
    </line>
    <line>
      <![CDATA[Non-Existing Username: Forgot Username Link clicked successfully]]>
    </line>
    <line>
      <![CDATA[Test Passed: Non-Existing Username: Giving User Not found message if the email id does not exist]]>
    </line>
    <line>
      <![CDATA[Empty Email: Login clicked successfully]]>
    </line>
    <line>
      <![CDATA[Empty email: Forgot Password Link clicked successfully]]>
    </line>
    <line>
      <![CDATA[Empty email: Forgot Username Link clicked successfully]]>
    </line>
    <line>
      <![CDATA[Test Passed: Empty email: Displaying message as Email is required and will not Send]]>
    </line>
    <line>
      <![CDATA[Invalid Email: Login clicked successfully]]>
    </line>
    <line>
      <![CDATA[Invalid email: Forgot Password Link clicked successfully]]>
    </line>
    <line>
      <![CDATA[Invalid email: Forgot Username Link clicked successfully]]>
    </line>
    <line>
      <![CDATA[Test Passed: Invalid email: Empty email: Displaying message please enter a valid email address.]]>
    </line>
    <line>
      <![CDATA[Login clicked]]>
    </line>
    <line>
      <![CDATA[Username added]]>
    </line>
    <line>
      <![CDATA[Password added]]>
    </line>
    <line>
      <![CDATA[Submit clicked]]>
    </line>
    <line>
      <![CDATA[Login successfull]]>
    </line>
    <line>
      <![CDATA[Test Passed : User successfully directed to My account]]>
    </line>
    <line>
      <![CDATA[Tooltip size 2]]>
    </line>
    <line>
      <![CDATA[Test Passed: field required message found at tooltip 0]]>
    </line>
    <line>
      <![CDATA[Test Passed: field required message found at tooltip 1]]>
    </line>
    <line>
      <![CDATA[Tooltip size 1]]>
    </line>
    <line>
      <![CDATA[Test Passed: field required message found at tooltip 0]]>
    </line>
    <line>
      <![CDATA[Tooltip size 1]]>
    </line>
    <line>
      <![CDATA[Test Passed: field required message found at tooltip 0]]>
    </line>
    <line>
      <![CDATA[Test passed: Profile Updated.]]>
    </line>
    <line>
      <![CDATA[Login clicked]]>
    </line>
    <line>
      <![CDATA[Username added]]>
    </line>
    <line>
      <![CDATA[Password added]]>
    </line>
    <line>
      <![CDATA[Submit clicked]]>
    </line>
    <line>
      <![CDATA[Login successfull]]>
    </line>
    <line>
      <![CDATA[My Account Clicked successfully]]>
    </line>
    <line>
      <![CDATA[Test Passed: User has been directed to change password screen successfully]]>
    </line>
    <line>
      <![CDATA[Test Passed : Not allowing user to change email if it is empty]]>
    </line>
    <line>
      <![CDATA[Test Passed : Giving invalid email message if email format is not proper without including @]]>
    </line>
    <line>
      <![CDATA[Test Passed : Giving invalid email message if email format is not proper with including @ and domain name]]>
    </line>
    <line>
      <![CDATA[Test Passed: Not allowing the user to change email if it already exist]]>
    </line>
    <line>
      <![CDATA[Test passed : Got message that the verification link is sent and also changed email is displayed in email text field]]>
    </line>
    <line>
      <![CDATA[Login clicked]]>
    </line>
    <line>
      <![CDATA[Username added]]>
    </line>
    <line>
      <![CDATA[Password added]]>
    </line>
    <line>
      <![CDATA[Submit clicked]]>
    </line>
    <line>
      <![CDATA[Login successfull]]>
    </line>
    <line>
      <![CDATA[My Account Clicked successfully]]>
    </line>
    <line>
      <![CDATA[Test Passed: User successfully navigated to change password screen]]>
    </line>
    <line>
      <![CDATA[Test Passed: Giving field required message if old password not entered]]>
    </line>
    <line>
      <![CDATA[Test Passed: Giving error message if the minimum length is less than 6]]>
    </line>
    <line>
      <![CDATA[Test Passed: Giving error for password format]]>
    </line>
    <line>
      <![CDATA[Test Passed: Gives proper message if password dosent match the new one.]]>
    </line>
    <line>
      <![CDATA[Test Passed: Giving message if old password doesn't match]]>
    </line>
    <line>
      <![CDATA[Test Passed: Password updated successfully]]>
    </line>
    <line>
      <![CDATA[Test Passed: Password Reset successfully]]>
    </line>
    <line>
      <![CDATA[Login link clicked successfully]]>
    </line>
    <line>
      <![CDATA[username entered]]>
    </line>
    <line>
      <![CDATA[password entered]]>
    </line>
    <line>
      <![CDATA[submit clicked successfully]]>
    </line>
    <line>
      <![CDATA[Login successfull]]>
    </line>
    <line>
      <![CDATA[My Account clicked successfully]]>
    </line>
    <line>
      <![CDATA[Phone icon clicked successfully]]>
    </line>
    <line>
      <![CDATA[Test Passed: Not allowing the user to submit if all field is empty.]]>
    </line>
    <line>
      <![CDATA[Test Passed: Not allowing the user to submit if all field is empty.]]>
    </line>
    <line>
      <![CDATA[Will not allow the user to add only 4 alphabets since minimum is 10 characters]]>
    </line>
    <line>
      <![CDATA[Test Passed: Not allowing user to add alphabets even if we enter 10 alphabets.]]>
    </line>
    <line>
      <![CDATA[Test Passed: Not allowing the user to enter less then 10 characters]]>
    </line>
    <line>
      <![CDATA[Test Passed: Not allowing the user to enter more then 15 characters]]>
    </line>
    <line>
      <![CDATA[Test Passed: Allowing only number with minimum length 10 and leading user to OTP screen]]>
    </line>
    <line>
      <![CDATA[Test Passed: Will not allow user to submit without OTP]]>
    </line>
    <line>
      <![CDATA[Test Passed: Will not allow user to submit Invalid OTP]]>
    </line>
    <line>
      <![CDATA[Test Passed: Allowing only number with minimum length 10 and leading user to OTP screen]]>
    </line>
    <line>
      <![CDATA[Test Passed: Will not allow user to submit without OTP]]>
    </line>
    <line>
      <![CDATA[Test Passed: Will not allow user to submit Invalid OTP]]>
    </line>
    <line>
      <![CDATA[Login clicked]]>
    </line>
    <line>
      <![CDATA[Username added]]>
    </line>
    <line>
      <![CDATA[Password added]]>
    </line>
    <line>
      <![CDATA[Submit clicked]]>
    </line>
    <line>
      <![CDATA[Login successfull]]>
    </line>
    <line>
      <![CDATA[Valid Image added]]>
    </line>
    <line>
      <![CDATA[Upload button clicked]]>
    </line>
    <line>
      <![CDATA[Test Passed: Profile picture updated successfully.]]>
    </line>
    <line>
      <![CDATA[Invalid Image added]]>
    </line>
    <line>
      <![CDATA[Upload button clicked]]>
    </line>
    <line>
      <![CDATA[Test failed: Expected message for invalid image format does not match the current displayed message]]>
    </line>
    <line>
      <![CDATA[Invalid Image added]]>
    </line>
    <line>
      <![CDATA[Upload button clicked]]>
    </line>
    <line>
      <![CDATA[Test Passed: Profile picture did not update as the file was not an image format]]>
    </line>
    <line>
      <![CDATA[Test failed: VRDI merchant info is not getting displayed]]>
    </line>
    <line>
      <![CDATA[Test failed: VRDI merchant info is not getting displayed]]>
    </line>
    <line>
      <![CDATA[Test failed: VRDI merchant info is not getting displayed]]>
    </line>
    <line>
      <![CDATA[Test failed: VRDI merchant info is not getting displayed]]>
    </line>
    <line>
      <![CDATA[Searched for Tharad]]>
    </line>
    <line>
      <![CDATA[Product Clicked successfully]]>
    </line>
    <line>
      <![CDATA[Test Passed: Navigated to detailview of Shrujan product successfully]]>
    </line>
    <line>
      <![CDATA[Test failed: Merchant Info for VRDI is not getting displayed]]>
    </line>
    <line>
      <![CDATA[Login clicked]]>
    </line>
    <line>
      <![CDATA[Username added]]>
    </line>
    <line>
      <![CDATA[Password added]]>
    </line>
    <line>
      <![CDATA[Submit clicked]]>
    </line>
    <line>
      <![CDATA[Login successfull]]>
    </line>
    <line>
      <![CDATA[Shop By Segment Clicked]]>
    </line>
    <line>
      <![CDATA[Accessories Clicked]]>
    </line>
    <line>
      <![CDATA[Searched for Tharad]]>
    </line>
    <line>
      <![CDATA[Product Clicked successfully]]>
    </line>
    <line>
      <![CDATA[Test Passed: Navigated to detailview of Shrujan product successfully]]>
    </line>
    <line>
      <![CDATA[Searched for Batik Kurti]]>
    </line>
    <line>
      <![CDATA[Product Clicked successfully]]>
    </line>
    <line>
      <![CDATA[Test Passed: Navigated to detailview of VRDI product successfully]]>
    </line>
    <line>
      <![CDATA[Searched for Ajrakh]]>
    </line>
    <line>
      <![CDATA[Product Clicked successfully]]>
    </line>
    <line>
      <![CDATA[Test Passed: Navigated to detailview of Mohmed Khatri product successfully]]>
    </line>
    <line>
      <![CDATA[Test Passed: Bags clicked in Top Category]]>
    </line>
    <line>
      <![CDATA[Test Passed: Load more not displayed reached till the end of the listview]]>
    </line>
    <line>
      <![CDATA[Login clicked]]>
    </line>
    <line>
      <![CDATA[Username added]]>
    </line>
    <line>
      <![CDATA[Password added]]>
    </line>
    <line>
      <![CDATA[Submit clicked]]>
    </line>
    <line>
      <![CDATA[Login successfull]]>
    </line>
    <line>
      <![CDATA[My Account Clicked successfully]]>
    </line>
    <line>
      <![CDATA[Address clicked successfully]]>
    </line>
    <line>
      <![CDATA[Address Tab clicked successfully]]>
    </line>
    <line>
      <![CDATA[Test Passed: Giving error message(Field required) on all fields.]]>
    </line>
    <line>
      <![CDATA[Test Passed: Not able to save address if the title already exist]]>
    </line>
    <line>
      <![CDATA[Address clicked successfully]]>
    </line>
    <line>
      <![CDATA[Test Passed: Address added successfully with all the valid details]]>
    </line>
    <line>
      <![CDATA[Address clicked successfully]]>
    </line>
    <line>
      <![CDATA[Test failed: Address Tab not getting displayed or the Tab does not consist of title Addresses]]>
    </line>
    <line>
      <![CDATA[Address clicked successfully]]>
    </line>
    <line>
      <![CDATA[Address clicked successfully]]>
    </line>
    <line>
      <![CDATA[Test Passed: Address added successfully with default and with all the valid details]]>
    </line>
    <line>
      <![CDATA[Address clicked successfully]]>
    </line>
    <line>
      <![CDATA[Action clicked sucessfully]]>
    </line>
    <line>
      <![CDATA[Edit clicked successfully]]>
    </line>
    <line>
      <![CDATA[Test Passed: Address getting updated successfully.]]>
    </line>
    <line>
      <![CDATA[Address clicked successfully]]>
    </line>
    <line>
      <![CDATA[Action clicked sucessfully]]>
    </line>
    <line>
      <![CDATA[Delete clicked successfully]]>
    </line>
    <line>
      <![CDATA[Address deleted successfully.]]>
    </line>
    <line>
      <![CDATA[Address clicked successfully]]>
    </line>
    <line>
      <![CDATA[Added Address Not found at position 0]]>
    </line>
    <line>
      <![CDATA[Added Address Not found at position 1]]>
    </line>
    <line>
      <![CDATA[Added Address Not found at position 2]]>
    </line>
    <line>
      <![CDATA[Added Address Not found at position 3]]>
    </line>
    <line>
      <![CDATA[Address deleted successfully.]]>
    </line>
    <line>
      <![CDATA[Address clicked successfully]]>
    </line>
    <line>
      <![CDATA[Added Address Not found at position 0, it might already be deleted.]]>
    </line>
    <line>
      <![CDATA[Added Address Not found at position 1, it might already be deleted.]]>
    </line>
    <line>
      <![CDATA[Added Address Not found at position 2, it might already be deleted.]]>
    </line>
    <line>
      <![CDATA[Added Address Not found at position 3, it might already be deleted.]]>
    </line>
    <line>
      <![CDATA[Added Address Not found at position 4, it might already be deleted.]]>
    </line>
    <line>
      <![CDATA[Login clicked]]>
    </line>
    <line>
      <![CDATA[Username added]]>
    </line>
    <line>
      <![CDATA[Password added]]>
    </line>
    <line>
      <![CDATA[Submit clicked]]>
    </line>
    <line>
      <![CDATA[Login successfull]]>
    </line>
    <line>
      <![CDATA[My Account Clicked successfully]]>
    </line>
    <line>
      <![CDATA[Test Passed : Email is required]]>
    </line>
    <line>
      <![CDATA[Test Passed : Giving invalid email message if email format is not proper without including @]]>
    </line>
    <line>
      <![CDATA[Test Passed : Giving invalid email message if email format is not proper with including @ and domain name]]>
    </line>
    <line>
      <![CDATA[Test Passed : Giving message on email id exist.]]>
    </line>
    <line>
      <![CDATA[Login successfull]]>
    </line>
    <line>
      <![CDATA[Go to dashboard]]>
    </line>
    <line>
      <![CDATA[Test Passed: Navigated to product listview]]>
    </line>
    <line>
      <![CDATA[Add to cart clicked for product from merchant 1]]>
    </line>
    <line>
      <![CDATA[Product: 38314 added successfully.]]>
    </line>
    <line>
      <![CDATA[Add to cart clicked for product from merchant 2]]>
    </line>
    <line>
      <![CDATA[Cancel Button Clicked]]>
    </line>
    <line>
      <![CDATA[Add to cart clicked again for product from merchant 2]]>
    </line>
    <line>
      <![CDATA[Ok button clicked.]]>
    </line>
    <line>
      <![CDATA[Product: 38380 added successfully.]]>
    </line>
    <line>
      <![CDATA[Test Passed: Navigated to product listview]]>
    </line>
    <line>
      <![CDATA[Add to cart clicked for product from merchant 1]]>
    </line>
    <line>
      <![CDATA[Product: 38380 added successfully.]]>
    </line>
    <line>
      <![CDATA[Add to cart clicked for product from merchant 2]]>
    </line>
    <line>
      <![CDATA[Product: 38376 added successfully.]]>
    </line>
    <line>
      <![CDATA[clicked on login button successfully]]>
    </line>
    <line>
      <![CDATA[Username entered successfully]]>
    </line>
    <line>
      <![CDATA[Password enetered successfully]]>
    </line>
    <line>
      <![CDATA[Logged in successfully]]>
    </line>
    <line>
      <![CDATA[Login successfull]]>
    </line>
    <line>
      <![CDATA[go to dashboard]]>
    </line>
    <line>
      <![CDATA[go to featured-products]]>
    </line>
    <line>
      <![CDATA[clicked on product successfully]]>
    </line>
    <line>
      <![CDATA[Focus shifted to product detail tab successfully]]>
    </line>
    <line>
      <![CDATA[clicked on fav successfully]]>
    </line>
    <line>
      <![CDATA[username entered successfully]]>
    </line>
    <line>
      <![CDATA[password entered successfully]]>
    </line>
    <line>
      <![CDATA[clicked on login button successfully]]>
    </line>
    <line>
      <![CDATA[Login successfull]]>
    </line>
    <line>
      <![CDATA[clicked on fav successfully]]>
    </line>
    <line>
      <![CDATA[Test failed: None of the expected messages occured]]>
    </line>
    <line>
      <![CDATA[clicked on fav successfully]]>
    </line>
    <line>
      <![CDATA[Test failed: None of the expected messages occured]]>
    </line>
    <line>
      <![CDATA[clicked on fav successfully]]>
    </line>
    <line>
      <![CDATA[Test failed: None of the expected messages occured]]>
    </line>
    <line>
      <![CDATA[clicked on fav successfully]]>
    </line>
    <line>
      <![CDATA[Test failed: None of the expected messages occured]]>
    </line>
    <line>
      <![CDATA[clicked on blog button successfully]]>
    </line>
    <line>
      <![CDATA[clicked on first blog successfully]]>
    </line>
    <line>
      <![CDATA[Blog loaded successfully]]>
    </line>
    <line>
      <![CDATA[clicked on first blog successfully]]>
    </line>
    <line>
      <![CDATA[clicked on first blog successfully]]>
    </line>
    <line>
      <![CDATA[Products loaded successfully]]>
    </line>
    <line>
      <![CDATA[clicked on segment successfully]]>
    </line>
    <line>
      <![CDATA[clicked on accessories successfully]]>
    </line>
    <line>
      <![CDATA[clicked on segment successfully]]>
    </line>
    <line>
      <![CDATA[clicked on accessories successfully]]>
    </line>
    <line>
      <![CDATA[clicked on segment successfully]]>
    </line>
    <line>
      <![CDATA[clicked on accessories successfully]]>
    </line>
    <line>
      <![CDATA[clicked on segment successfully]]>
    </line>
    <line>
      <![CDATA[clicked on accessories successfully]]>
    </line>
    <line>
      <![CDATA[clicked on artisans and producers successfully]]>
    </line>
    <line>
      <![CDATA[clicked on Shrujan successfully]]>
    </line>
    <line>
      <![CDATA[Shrujan loaded successfully]]>
    </line>
    <line>
      <![CDATA[Story loaded successfully]]>
    </line>
    <line>
      <![CDATA[Embroidery page loaded successfully]]>
    </line>
    <line>
      <![CDATA[clicked on login button successfully]]>
    </line>
    <line>
      <![CDATA[Username entered successfully]]>
    </line>
    <line>
      <![CDATA[Password entered successfully]]>
    </line>
    <line>
      <![CDATA[clicked on login button successfully]]>
    </line>
    <line>
      <![CDATA[Login successfull]]>
    </line>
    <line>
      <![CDATA[Clicked on go to cart successfully]]>
    </line>
    <line>
      <![CDATA[Clicked on clear cart successfully]]>
    </line>
    <line>
      <![CDATA[Clicked on ok button successfully]]>
    </line>
    <line>
      <![CDATA[Go to dashboard]]>
    </line>
    <line>
      <![CDATA[Clicked on segment successfully]]>
    </line>
    <line>
      <![CDATA[Clicked on accessories successfully]]>
    </line>
    <line>
      <![CDATA[Failed to add product into cart]]>
    </line>
    <line>
      <![CDATA[Username entered successfully]]>
    </line>
    <line>
      <![CDATA[Password entered successfully]]>
    </line>
    <line>
      <![CDATA[Clicked on login button successfully]]>
    </line>
    <line>
      <![CDATA[Login successfull]]>
    </line>
    <line>
      <![CDATA[Go to dashboard]]>
    </line>
    <line>
      <![CDATA[Go to trending products]]>
    </line>
    <line>
      <![CDATA[Product selected successfully]]>
    </line>
    <line>
      <![CDATA[Focus shifted to product detail view successfully]]>
    </line>
    <line>
      <![CDATA[Go to review tab]]>
    </line>
    <line>
      <![CDATA[Go to trending product]]>
    </line>
    <line>
      <![CDATA[Clicked on product successfully]]>
    </line>
    <line>
      <![CDATA[Focus shifted to product detail view successfully]]>
    </line>
    <line>
      <![CDATA[Go to review tab]]>
    </line>
    <line>
      <![CDATA[Go to trending product]]>
    </line>
    <line>
      <![CDATA[Clicked on product successfully]]>
    </line>
    <line>
      <![CDATA[Focus shifted to product detail view successfully]]>
    </line>
    <line>
      <![CDATA[Go to review tab]]>
    </line>
    <line>
      <![CDATA[Go to trending product]]>
    </line>
    <line>
      <![CDATA[Clicked on product successfully]]>
    </line>
    <line>
      <![CDATA[Focus shifted to product detail view successfully]]>
    </line>
    <line>
      <![CDATA[Go to review tab]]>
    </line>
    <line>
      <![CDATA[Go to trending product]]>
    </line>
    <line>
      <![CDATA[Clicked on product successfully]]>
    </line>
    <line>
      <![CDATA[Focus shifted to product detail view successfully]]>
    </line>
    <line>
      <![CDATA[Go to review tab]]>
    </line>
    <line>
      <![CDATA[Product selected sucessfully]]>
    </line>
    <line>
      <![CDATA[Clicked on quick view button sucessfully]]>
    </line>
    <line>
      <![CDATA[Clicked on cancle button of quick view sucessfully]]>
    </line>
    <line>
      <![CDATA[Clicked on login button sucessfully]]>
    </line>
    <line>
      <![CDATA[Username added sucessfully]]>
    </line>
    <line>
      <![CDATA[Password added sucessfully]]>
    </line>
    <line>
      <![CDATA[Clicked on login button sucessfully]]>
    </line>
    <line>
      <![CDATA[Login successfull]]>
    </line>
    <line>
      <![CDATA[Go to dashboard]]>
    </line>
    <line>
      <![CDATA[Product selected successfully]]>
    </line>
    <line>
      <![CDATA[Clicked on quick view button successfully]]>
    </line>
    <line>
      <![CDATA[Clicked on cancel button successfully]]>
    </line>
    <line>
      <![CDATA[Clicked on register button successfully]]>
    </line>
    <line>
      <![CDATA[First name entered successfully]]>
    </line>
    <line>
      <![CDATA[Last name entered successfully]]>
    </line>
    <line>
      <![CDATA[Username entered successfully]]>
    </line>
    <line>
      <![CDATA[Country code selected successfully]]>
    </line>
    <line>
      <![CDATA[Phone no. entered successfully]]>
    </line>
    <line>
      <![CDATA[Email id entered successfully]]>
    </line>
    <line>
      <![CDATA[Password entered successfully]]>
    </line>
    <line>
      <![CDATA[Confirm password entered successfully]]>
    </line>
    <line>
      <![CDATA[Clicked on register button successfully]]>
    </line>
    <line>
      <![CDATA[First name entered successfully]]>
    </line>
    <line>
      <![CDATA[Last name entered successfully]]>
    </line>
    <line>
      <![CDATA[Username entered successfully]]>
    </line>
    <line>
      <![CDATA[Country code selected successfully]]>
    </line>
    <line>
      <![CDATA[Phone no. entered successfully]]>
    </line>
    <line>
      <![CDATA[Email id entered successfully]]>
    </line>
    <line>
      <![CDATA[Password entered successfully]]>
    </line>
    <line>
      <![CDATA[Confirm password entered successfully]]>
    </line>
    <line>
      <![CDATA[Clicked on register button successfully]]>
    </line>
    <line>
      <![CDATA[First name entered successfully]]>
    </line>
    <line>
      <![CDATA[Last name entered successfully]]>
    </line>
    <line>
      <![CDATA[Username entered successfully]]>
    </line>
    <line>
      <![CDATA[Country code selected successfully]]>
    </line>
    <line>
      <![CDATA[Phone no. entered successfully]]>
    </line>
    <line>
      <![CDATA[Email id entered successfully]]>
    </line>
    <line>
      <![CDATA[Password entered successfully]]>
    </line>
    <line>
      <![CDATA[Confirm password entered successfully]]>
    </line>
    <line>
      <![CDATA[Clicked on register button successfully]]>
    </line>
    <line>
      <![CDATA[First name entered successfully]]>
    </line>
    <line>
      <![CDATA[Last name entered successfully]]>
    </line>
    <line>
      <![CDATA[Username entered successfully]]>
    </line>
    <line>
      <![CDATA[Country code selected successfully]]>
    </line>
    <line>
      <![CDATA[Phone no. entered successfully]]>
    </line>
    <line>
      <![CDATA[Email id entered successfully]]>
    </line>
    <line>
      <![CDATA[Password entered successfully]]>
    </line>
    <line>
      <![CDATA[Confirm password entered successfully]]>
    </line>
  </reporter-output>
  <suite name="Default suite" duration-ms="4382708" started-at="2020-06-12T15:22:25 IST" finished-at="2020-06-12T16:35:28 IST">
    <groups>
    </groups>
    <test name="ContactUs Test" duration-ms="78204" started-at="2020-06-12T15:22:25 IST" finished-at="2020-06-12T15:23:44 IST">
      <class name="megastores.ContactUs">
        <test-method status="PASS" signature="openUrl()[pri:1, instance:megastores.ContactUs@6325a3ee]" name="openUrl" duration-ms="41176" started-at="2020-06-12T15:22:26 IST" finished-at="2020-06-12T15:23:07 IST">
          <reporter-output>
            <line>
              <![CDATA[Browser launched !!]]>
            </line>
            <line>
              <![CDATA[Contact us page opened !!]]>
            </line>
          </reporter-output>
        </test-method> <!-- openUrl -->
        <test-method status="PASS" signature="InvaliduserName()[pri:2, instance:megastores.ContactUs@6325a3ee]" name="InvaliduserName" duration-ms="12283" started-at="2020-06-12T15:23:07 IST" finished-at="2020-06-12T15:23:19 IST">
          <reporter-output>
          </reporter-output>
        </test-method> <!-- InvaliduserName -->
        <test-method status="PASS" signature="InvalidEmail()[pri:3, instance:megastores.ContactUs@6325a3ee]" name="InvalidEmail" duration-ms="11981" started-at="2020-06-12T15:23:19 IST" finished-at="2020-06-12T15:23:31 IST">
          <reporter-output>
          </reporter-output>
        </test-method> <!-- InvalidEmail -->
        <test-method status="PASS" signature="validData()[pri:4, instance:megastores.ContactUs@6325a3ee]" name="validData" duration-ms="11893" started-at="2020-06-12T15:23:31 IST" finished-at="2020-06-12T15:23:43 IST">
          <reporter-output>
          </reporter-output>
        </test-method> <!-- validData -->
        <test-method status="PASS" signature="quit()[pri:0, instance:megastores.ContactUs@6325a3ee]" name="quit" is-config="true" duration-ms="816" started-at="2020-06-12T15:23:43 IST" finished-at="2020-06-12T15:23:44 IST">
          <reporter-output>
          </reporter-output>
        </test-method> <!-- quit -->
      </class> <!-- megastores.ContactUs -->
    </test> <!-- ContactUs Test -->
    <test name="PartnerWithUs Test" duration-ms="104222" started-at="2020-06-12T15:23:44 IST" finished-at="2020-06-12T15:25:28 IST">
      <class name="megastores.PartnerWithUs">
        <test-method status="PASS" signature="openUrl()[pri:1, instance:megastores.PartnerWithUs@6737fd8f]" name="openUrl" duration-ms="33521" started-at="2020-06-12T15:23:44 IST" finished-at="2020-06-12T15:24:17 IST">
          <reporter-output>
            <line>
              <![CDATA[Browser launched !!]]>
            </line>
            <line>
              <![CDATA[Partner with us page opened !!]]>
            </line>
          </reporter-output>
        </test-method> <!-- openUrl -->
        <test-method status="FAIL" signature="InvalidShopName()[pri:2, instance:megastores.PartnerWithUs@6737fd8f]" name="InvalidShopName" duration-ms="100" started-at="2020-06-12T15:24:17 IST" finished-at="2020-06-12T15:24:17 IST">
          <exception class="java.lang.AssertionError">
            <message>
              <![CDATA[null]]>
            </message>
            <full-stacktrace>
              <![CDATA[java.lang.AssertionError: null
at org.testng.Assert.fail(Assert.java:97)
at org.testng.Assert.fail(Assert.java:102)
at megastores.PartnerWithUs.InvalidShopName(PartnerWithUs.java:106)
at sun.reflect.NativeMethodAccessorImpl.invoke0(Native Method)
at sun.reflect.NativeMethodAccessorImpl.invoke(NativeMethodAccessorImpl.java:62)
at sun.reflect.DelegatingMethodAccessorImpl.invoke(DelegatingMethodAccessorImpl.java:43)
at java.lang.reflect.Method.invoke(Method.java:498)
at org.testng.internal.MethodInvocationHelper.invokeMethod(MethodInvocationHelper.java:135)
at org.testng.internal.TestInvoker.invokeMethod(TestInvoker.java:598)
at org.testng.internal.TestInvoker.invokeTestMethod(TestInvoker.java:174)
at org.testng.internal.MethodRunner.runInSequence(MethodRunner.java:46)
at org.testng.internal.TestInvoker$MethodInvocationAgent.invoke(TestInvoker.java:821)
at org.testng.internal.TestInvoker.invokeTestMethods(TestInvoker.java:147)
at org.testng.internal.TestMethodWorker.invokeTestMethods(TestMethodWorker.java:146)
at org.testng.internal.TestMethodWorker.run(TestMethodWorker.java:128)
at java.util.ArrayList.forEach(ArrayList.java:1257)
at org.testng.TestRunner.privateRun(TestRunner.java:767)
at org.testng.TestRunner.run(TestRunner.java:588)
at org.testng.SuiteRunner.runTest(SuiteRunner.java:384)
at org.testng.SuiteRunner.runSequentially(SuiteRunner.java:378)
at org.testng.SuiteRunner.privateRun(SuiteRunner.java:337)
at org.testng.SuiteRunner.run(SuiteRunner.java:286)
at org.testng.SuiteRunnerWorker.runSuite(SuiteRunnerWorker.java:53)
at org.testng.SuiteRunnerWorker.run(SuiteRunnerWorker.java:96)
at org.testng.TestNG.runSuitesSequentially(TestNG.java:1214)
at org.testng.TestNG.runSuitesLocally(TestNG.java:1136)
at org.testng.TestNG.runSuites(TestNG.java:1066)
at org.testng.TestNG.run(TestNG.java:1034)
at org.testng.remote.AbstractRemoteTestNG.run(AbstractRemoteTestNG.java:115)
at org.testng.remote.RemoteTestNG.initAndRun(RemoteTestNG.java:251)
at org.testng.remote.RemoteTestNG.main(RemoteTestNG.java:77)
]]>
            </full-stacktrace>
          </exception> <!-- java.lang.AssertionError -->
          <reporter-output>
            <line>
              <![CDATA[Test failed for invalid shop name]]>
            </line>
          </reporter-output>
        </test-method> <!-- InvalidShopName -->
        <test-method status="PASS" signature="InvalidName()[pri:3, instance:megastores.PartnerWithUs@6737fd8f]" name="InvalidName" duration-ms="18424" started-at="2020-06-12T15:24:17 IST" finished-at="2020-06-12T15:24:36 IST">
          <reporter-output>
            <line>
              <![CDATA[Test passed for invalid Name : The contact person format is invalid.]]>
            </line>
          </reporter-output>
        </test-method> <!-- InvalidName -->
        <test-method status="PASS" signature="InvalidNumber()[pri:4, instance:megastores.PartnerWithUs@6737fd8f]" name="InvalidNumber" duration-ms="17248" started-at="2020-06-12T15:24:36 IST" finished-at="2020-06-12T15:24:53 IST">
          <reporter-output>
            <line>
              <![CDATA[Test passed for invalid Mobile No. : The contact number must be a number.]]>
            </line>
          </reporter-output>
        </test-method> <!-- InvalidNumber -->
        <test-method status="PASS" signature="InvalidEmail()[pri:5, instance:megastores.PartnerWithUs@6737fd8f]" name="InvalidEmail" duration-ms="17092" started-at="2020-06-12T15:24:53 IST" finished-at="2020-06-12T15:25:10 IST">
          <reporter-output>
            <line>
              <![CDATA[Test passed for invalid Email : The email must be a valid email address.]]>
            </line>
          </reporter-output>
        </test-method> <!-- InvalidEmail -->
        <test-method status="PASS" signature="validData()[pri:6, instance:megastores.PartnerWithUs@6737fd8f]" name="validData" duration-ms="17122" started-at="2020-06-12T15:25:10 IST" finished-at="2020-06-12T15:25:27 IST">
          <reporter-output>
            <line>
              <![CDATA[Test passed for valid data : Request submitted successfully]]>
            </line>
          </reporter-output>
        </test-method> <!-- validData -->
        <test-method status="PASS" signature="quit()[pri:0, instance:megastores.PartnerWithUs@6737fd8f]" name="quit" is-config="true" duration-ms="703" started-at="2020-06-12T15:25:27 IST" finished-at="2020-06-12T15:25:28 IST">
          <reporter-output>
          </reporter-output>
        </test-method> <!-- quit -->
      </class> <!-- megastores.PartnerWithUs -->
    </test> <!-- PartnerWithUs Test -->
    <test name="MerchantRegistration Test" duration-ms="225823" started-at="2020-06-12T15:25:28 IST" finished-at="2020-06-12T15:29:14 IST">
      <class name="megastores.MerchantRegistration">
        <test-method status="PASS" signature="openUrl()[pri:1, instance:megastores.MerchantRegistration@9660f4e]" name="openUrl" duration-ms="15498" started-at="2020-06-12T15:25:28 IST" finished-at="2020-06-12T15:25:44 IST">
          <reporter-output>
            <line>
              <![CDATA[Browser launched !!]]>
            </line>
          </reporter-output>
        </test-method> <!-- openUrl -->
        <test-method status="FAIL" signature="EmptyFields()[pri:2, instance:megastores.MerchantRegistration@9660f4e]" name="EmptyFields" duration-ms="25610" started-at="2020-06-12T15:25:44 IST" finished-at="2020-06-12T15:26:09 IST">
          <exception class="java.lang.AssertionError">
            <message>
              <![CDATA[null]]>
            </message>
            <full-stacktrace>
              <![CDATA[java.lang.AssertionError: null
at org.testng.Assert.fail(Assert.java:97)
at org.testng.Assert.fail(Assert.java:102)
at megastores.MerchantRegistration.EmptyFields(MerchantRegistration.java:119)
at sun.reflect.NativeMethodAccessorImpl.invoke0(Native Method)
at sun.reflect.NativeMethodAccessorImpl.invoke(NativeMethodAccessorImpl.java:62)
at sun.reflect.DelegatingMethodAccessorImpl.invoke(DelegatingMethodAccessorImpl.java:43)
at java.lang.reflect.Method.invoke(Method.java:498)
at org.testng.internal.MethodInvocationHelper.invokeMethod(MethodInvocationHelper.java:135)
at org.testng.internal.TestInvoker.invokeMethod(TestInvoker.java:598)
at org.testng.internal.TestInvoker.invokeTestMethod(TestInvoker.java:174)
at org.testng.internal.MethodRunner.runInSequence(MethodRunner.java:46)
at org.testng.internal.TestInvoker$MethodInvocationAgent.invoke(TestInvoker.java:821)
at org.testng.internal.TestInvoker.invokeTestMethods(TestInvoker.java:147)
at org.testng.internal.TestMethodWorker.invokeTestMethods(TestMethodWorker.java:146)
at org.testng.internal.TestMethodWorker.run(TestMethodWorker.java:128)
at java.util.ArrayList.forEach(ArrayList.java:1257)
at org.testng.TestRunner.privateRun(TestRunner.java:767)
at org.testng.TestRunner.run(TestRunner.java:588)
at org.testng.SuiteRunner.runTest(SuiteRunner.java:384)
at org.testng.SuiteRunner.runSequentially(SuiteRunner.java:378)
at org.testng.SuiteRunner.privateRun(SuiteRunner.java:337)
at org.testng.SuiteRunner.run(SuiteRunner.java:286)
at org.testng.SuiteRunnerWorker.runSuite(SuiteRunnerWorker.java:53)
at org.testng.SuiteRunnerWorker.run(SuiteRunnerWorker.java:96)
at org.testng.TestNG.runSuitesSequentially(TestNG.java:1214)
at org.testng.TestNG.runSuitesLocally(TestNG.java:1136)
at org.testng.TestNG.runSuites(TestNG.java:1066)
at org.testng.TestNG.run(TestNG.java:1034)
at org.testng.remote.AbstractRemoteTestNG.run(AbstractRemoteTestNG.java:115)
at org.testng.remote.RemoteTestNG.initAndRun(RemoteTestNG.java:251)
at org.testng.remote.RemoteTestNG.main(RemoteTestNG.java:77)
]]>
            </full-stacktrace>
          </exception> <!-- java.lang.AssertionError -->
          <reporter-output>
            <line>
              <![CDATA[Test failed for empty fields]]>
            </line>
          </reporter-output>
        </test-method> <!-- EmptyFields -->
        <test-method status="PASS" signature="inValidUsernameLength()[pri:3, instance:megastores.MerchantRegistration@9660f4e]" name="inValidUsernameLength" duration-ms="5297" started-at="2020-06-12T15:26:09 IST" finished-at="2020-06-12T15:26:14 IST">
          <reporter-output>
            <line>
              <![CDATA[Test passed for invalid username length : Please enter at least 5 characters.]]>
            </line>
          </reporter-output>
        </test-method> <!-- inValidUsernameLength -->
        <test-method status="PASS" signature="inValidNumericUsername()[pri:4, instance:megastores.MerchantRegistration@9660f4e]" name="inValidNumericUsername" duration-ms="3312" started-at="2020-06-12T15:26:14 IST" finished-at="2020-06-12T15:26:18 IST">
          <reporter-output>
            <line>
              <![CDATA[Test passed for invalid numeric username : Only Number not allowed.]]>
            </line>
          </reporter-output>
        </test-method> <!-- inValidNumericUsername -->
        <test-method status="PASS" signature="inValidNumericShopName()[pri:5, instance:megastores.MerchantRegistration@9660f4e]" name="inValidNumericShopName" duration-ms="12083" started-at="2020-06-12T15:26:18 IST" finished-at="2020-06-12T15:26:30 IST">
          <reporter-output>
            <line>
              <![CDATA[Test passed for invalid numeric shop name : Only Number not allowed.]]>
            </line>
          </reporter-output>
        </test-method> <!-- inValidNumericShopName -->
        <test-method status="PASS" signature="inValidPasswordlength()[pri:6, instance:megastores.MerchantRegistration@9660f4e]" name="inValidPasswordlength" duration-ms="14202" started-at="2020-06-12T15:26:30 IST" finished-at="2020-06-12T15:26:44 IST">
          <reporter-output>
            <line>
              <![CDATA[Test passed for invalid Password length : Minimum 6 character are required]]>
            </line>
          </reporter-output>
        </test-method> <!-- inValidPasswordlength -->
        <test-method status="PASS" signature="inValidPasswordCombination()[pri:7, instance:megastores.MerchantRegistration@9660f4e]" name="inValidPasswordCombination" duration-ms="14326" started-at="2020-06-12T15:26:44 IST" finished-at="2020-06-12T15:26:58 IST">
          <reporter-output>
            <line>
              <![CDATA[Test passed for invalid Password Combination : Minimum 6 characters are mandatory, containing at least 1 lower case letter, 1 digit, and 1 symbol.]]>
            </line>
          </reporter-output>
        </test-method> <!-- inValidPasswordCombination -->
        <test-method status="PASS" signature="retypePasswordNoMatch()[pri:8, instance:megastores.MerchantRegistration@9660f4e]" name="retypePasswordNoMatch" duration-ms="16422" started-at="2020-06-12T15:26:58 IST" finished-at="2020-06-12T15:27:15 IST">
          <reporter-output>
            <line>
              <![CDATA[Test passed for Retype password didn't match : Password doesn't matched]]>
            </line>
          </reporter-output>
        </test-method> <!-- retypePasswordNoMatch -->
        <test-method status="PASS" signature="invalidEmail()[pri:9, instance:megastores.MerchantRegistration@9660f4e]" name="invalidEmail" duration-ms="20542" started-at="2020-06-12T15:27:15 IST" finished-at="2020-06-12T15:27:35 IST">
          <reporter-output>
            <line>
              <![CDATA[Test passed for Invalid Email : Please enter valid email.]]>
            </line>
          </reporter-output>
        </test-method> <!-- invalidEmail -->
        <test-method status="PASS" signature="invalidMobile()[pri:10, instance:megastores.MerchantRegistration@9660f4e]" name="invalidMobile" duration-ms="23104" started-at="2020-06-12T15:27:35 IST" finished-at="2020-06-12T15:27:58 IST">
          <reporter-output>
            <line>
              <![CDATA[Test passed for Invalid Phone No. : Enter 10 digit mobile number]]>
            </line>
          </reporter-output>
        </test-method> <!-- invalidMobile -->
        <test-method status="PASS" signature="invalidPincode()[pri:11, instance:megastores.MerchantRegistration@9660f4e]" name="invalidPincode" duration-ms="29552" started-at="2020-06-12T15:27:58 IST" finished-at="2020-06-12T15:28:28 IST">
          <reporter-output>
            <line>
              <![CDATA[Test passed for Invalid Pincode : Enter valid pincode]]>
            </line>
          </reporter-output>
        </test-method> <!-- invalidPincode -->
        <test-method status="PASS" signature="validData()[pri:12, instance:megastores.MerchantRegistration@9660f4e]" name="validData" duration-ms="45147" started-at="2020-06-12T15:28:28 IST" finished-at="2020-06-12T15:29:13 IST">
          <reporter-output>
            <line>
              <![CDATA[Test passed for valid data : OTP has been sent to your registered number]]>
            </line>
          </reporter-output>
        </test-method> <!-- validData -->
        <test-method status="PASS" signature="quit()[pri:0, instance:megastores.MerchantRegistration@9660f4e]" name="quit" is-config="true" duration-ms="688" started-at="2020-06-12T15:29:13 IST" finished-at="2020-06-12T15:29:14 IST">
          <reporter-output>
          </reporter-output>
        </test-method> <!-- quit -->
      </class> <!-- megastores.MerchantRegistration -->
    </test> <!-- MerchantRegistration Test -->
    <test name="Login Test" duration-ms="199804" started-at="2020-06-12T15:29:14 IST" finished-at="2020-06-12T15:32:34 IST">
      <class name="megastores.Login">
        <test-method status="PASS" signature="launch_browser()[pri:0, instance:megastores.Login@614ddd49]" name="launch_browser" is-config="true" duration-ms="28335" started-at="2020-06-12T15:29:14 IST" finished-at="2020-06-12T15:29:42 IST">
          <reporter-output>
          </reporter-output>
        </test-method> <!-- launch_browser -->
        <test-method status="PASS" signature="login_valid_username_password()[pri:1, instance:megastores.Login@614ddd49]" name="login_valid_username_password" duration-ms="39595" started-at="2020-06-12T15:29:42 IST" finished-at="2020-06-12T15:30:22 IST">
          <reporter-output>
            <line>
              <![CDATA[Login clicked]]>
            </line>
            <line>
              <![CDATA[Username added]]>
            </line>
            <line>
              <![CDATA[Password added]]>
            </line>
            <line>
              <![CDATA[Submit clicked]]>
            </line>
            <line>
              <![CDATA[Login successfull]]>
            </line>
            <line>
              <![CDATA[Logout Successfull]]>
            </line>
          </reporter-output>
        </test-method> <!-- login_valid_username_password -->
        <test-method status="PASS" signature="login_invusername_validpass()[pri:2, instance:megastores.Login@614ddd49]" name="login_invusername_validpass" duration-ms="22840" started-at="2020-06-12T15:30:22 IST" finished-at="2020-06-12T15:30:45 IST">
          <reporter-output>
            <line>
              <![CDATA[Login clicked]]>
            </line>
            <line>
              <![CDATA[Username added]]>
            </line>
            <line>
              <![CDATA[Password added]]>
            </line>
            <line>
              <![CDATA[Submit clicked]]>
            </line>
            <line>
              <![CDATA[Test Passed: Not able to login using invalid username and valid password]]>
            </line>
          </reporter-output>
        </test-method> <!-- login_invusername_validpass -->
        <test-method status="PASS" signature="valusername_invpass()[pri:3, instance:megastores.Login@614ddd49]" name="valusername_invpass" duration-ms="23491" started-at="2020-06-12T15:30:45 IST" finished-at="2020-06-12T15:31:08 IST">
          <reporter-output>
            <line>
              <![CDATA[Login clicked]]>
            </line>
            <line>
              <![CDATA[Username added]]>
            </line>
            <line>
              <![CDATA[Password added]]>
            </line>
            <line>
              <![CDATA[Submit clicked]]>
            </line>
            <line>
              <![CDATA[Test Passed: Not able to login using valid username and Invalid password]]>
            </line>
          </reporter-output>
        </test-method> <!-- valusername_invpass -->
        <test-method status="PASS" signature="invusername_invpassword()[pri:4, instance:megastores.Login@614ddd49]" name="invusername_invpassword" duration-ms="22813" started-at="2020-06-12T15:31:08 IST" finished-at="2020-06-12T15:31:31 IST">
          <reporter-output>
            <line>
              <![CDATA[Login clicked]]>
            </line>
            <line>
              <![CDATA[Username added]]>
            </line>
            <line>
              <![CDATA[Password added]]>
            </line>
            <line>
              <![CDATA[Submit clicked]]>
            </line>
            <line>
              <![CDATA[Test Passed: Not able to login using invalid username and invalid password]]>
            </line>
          </reporter-output>
        </test-method> <!-- invusername_invpassword -->
        <test-method status="PASS" signature="empusername_emppassword()[pri:5, instance:megastores.Login@614ddd49]" name="empusername_emppassword" duration-ms="20936" started-at="2020-06-12T15:31:31 IST" finished-at="2020-06-12T15:31:52 IST">
          <reporter-output>
            <line>
              <![CDATA[Login clicked]]>
            </line>
            <line>
              <![CDATA[Username added]]>
            </line>
            <line>
              <![CDATA[Password added]]>
            </line>
            <line>
              <![CDATA[Submit clicked]]>
            </line>
            <line>
              <![CDATA[Test Passed: Giving error message]]>
            </line>
          </reporter-output>
        </test-method> <!-- empusername_emppassword -->
        <test-method status="PASS" signature="empusername_valpassword()[pri:6, instance:megastores.Login@614ddd49]" name="empusername_valpassword" duration-ms="20394" started-at="2020-06-12T15:31:52 IST" finished-at="2020-06-12T15:32:12 IST">
          <reporter-output>
            <line>
              <![CDATA[Login clicked]]>
            </line>
            <line>
              <![CDATA[Username added]]>
            </line>
            <line>
              <![CDATA[Password added]]>
            </line>
            <line>
              <![CDATA[Submit clicked]]>
            </line>
            <line>
              <![CDATA[Test Passed: Giving error message]]>
            </line>
          </reporter-output>
        </test-method> <!-- empusername_valpassword -->
        <test-method status="PASS" signature="valusername_emppassword()[pri:7, instance:megastores.Login@614ddd49]" name="valusername_emppassword" duration-ms="20557" started-at="2020-06-12T15:32:12 IST" finished-at="2020-06-12T15:32:33 IST">
          <reporter-output>
            <line>
              <![CDATA[Login clicked]]>
            </line>
            <line>
              <![CDATA[Username added]]>
            </line>
            <line>
              <![CDATA[Password added]]>
            </line>
            <line>
              <![CDATA[Submit clicked]]>
            </line>
            <line>
              <![CDATA[Test Passed: Giving error message]]>
            </line>
          </reporter-output>
        </test-method> <!-- valusername_emppassword -->
        <test-method status="PASS" signature="quit()[pri:0, instance:megastores.Login@614ddd49]" name="quit" is-config="true" duration-ms="838" started-at="2020-06-12T15:32:33 IST" finished-at="2020-06-12T15:32:34 IST">
          <reporter-output>
          </reporter-output>
        </test-method> <!-- quit -->
      </class> <!-- megastores.Login -->
    </test> <!-- Login Test -->
    <test name="Forgot_Password Test" duration-ms="183887" started-at="2020-06-12T15:32:34 IST" finished-at="2020-06-12T15:35:38 IST">
      <class name="megastores.Forgot_Password">
        <test-method status="PASS" signature="browser_launch()[pri:0, instance:megastores.Forgot_Password@71bbf57e]" name="browser_launch" is-config="true" duration-ms="26975" started-at="2020-06-12T15:32:34 IST" finished-at="2020-06-12T15:33:01 IST">
          <reporter-output>
          </reporter-output>
        </test-method> <!-- browser_launch -->
        <test-method status="SKIP" signature="existing_email_id()[pri:1, instance:megastores.Forgot_Password@71bbf57e]" name="existing_email_id" duration-ms="20811" retried="true" started-at="2020-06-12T15:33:01 IST" finished-at="2020-06-12T15:33:21 IST">
          <exception class="java.lang.AssertionError">
            <message>
              <![CDATA[null]]>
            </message>
            <full-stacktrace>
              <![CDATA[java.lang.AssertionError: null
at org.testng.Assert.fail(Assert.java:97)
at org.testng.Assert.fail(Assert.java:102)
at megastores.Forgot_Password.existing_email_id(Forgot_Password.java:120)
at sun.reflect.NativeMethodAccessorImpl.invoke0(Native Method)
at sun.reflect.NativeMethodAccessorImpl.invoke(NativeMethodAccessorImpl.java:62)
at sun.reflect.DelegatingMethodAccessorImpl.invoke(DelegatingMethodAccessorImpl.java:43)
at java.lang.reflect.Method.invoke(Method.java:498)
at org.testng.internal.MethodInvocationHelper.invokeMethod(MethodInvocationHelper.java:135)
at org.testng.internal.TestInvoker.invokeMethod(TestInvoker.java:598)
at org.testng.internal.TestInvoker.invokeTestMethod(TestInvoker.java:174)
at org.testng.internal.MethodRunner.runInSequence(MethodRunner.java:46)
at org.testng.internal.TestInvoker$MethodInvocationAgent.invoke(TestInvoker.java:821)
at org.testng.internal.TestInvoker.invokeTestMethods(TestInvoker.java:147)
at org.testng.internal.TestMethodWorker.invokeTestMethods(TestMethodWorker.java:146)
at org.testng.internal.TestMethodWorker.run(TestMethodWorker.java:128)
at java.util.ArrayList.forEach(ArrayList.java:1257)
at org.testng.TestRunner.privateRun(TestRunner.java:767)
at org.testng.TestRunner.run(TestRunner.java:588)
at org.testng.SuiteRunner.runTest(SuiteRunner.java:384)
at org.testng.SuiteRunner.runSequentially(SuiteRunner.java:378)
at org.testng.SuiteRunner.privateRun(SuiteRunner.java:337)
at org.testng.SuiteRunner.run(SuiteRunner.java:286)
at org.testng.SuiteRunnerWorker.runSuite(SuiteRunnerWorker.java:53)
at org.testng.SuiteRunnerWorker.run(SuiteRunnerWorker.java:96)
at org.testng.TestNG.runSuitesSequentially(TestNG.java:1214)
at org.testng.TestNG.runSuitesLocally(TestNG.java:1136)
at org.testng.TestNG.runSuites(TestNG.java:1066)
at org.testng.TestNG.run(TestNG.java:1034)
at org.testng.remote.AbstractRemoteTestNG.run(AbstractRemoteTestNG.java:115)
at org.testng.remote.RemoteTestNG.initAndRun(RemoteTestNG.java:251)
at org.testng.remote.RemoteTestNG.main(RemoteTestNG.java:77)
]]>
            </full-stacktrace>
          </exception> <!-- java.lang.AssertionError -->
          <reporter-output>
            <line>
              <![CDATA[Existing Email: Login clicked successfully]]>
            </line>
            <line>
              <![CDATA[Existing Email: Forgot Password Link clicked successfully]]>
            </line>
            <line>
              <![CDATA[Existing Email: Navigated to OTP screen successfully]]>
            </line>
            <line>
              <![CDATA[Test failed: The screen does not consist of title OTP]]>
            </line>
          </reporter-output>
        </test-method> <!-- existing_email_id -->
        <test-method status="SKIP" signature="existing_email_id()[pri:1, instance:megastores.Forgot_Password@71bbf57e]" name="existing_email_id" duration-ms="7" retried="true" started-at="2020-06-12T15:33:21 IST" finished-at="2020-06-12T15:33:21 IST">
          <exception class="java.lang.AssertionError">
            <message>
              <![CDATA[expected [http://54.147.24.85/megastores/forgot-password] but found [http://54.147.24.85/megastores/]]]>
            </message>
            <full-stacktrace>
              <![CDATA[java.lang.AssertionError: expected [http://54.147.24.85/megastores/forgot-password] but found [http://54.147.24.85/megastores/]
at org.testng.Assert.fail(Assert.java:97)
at org.testng.Assert.assertEqualsImpl(Assert.java:136)
at org.testng.Assert.assertEquals(Assert.java:118)
at org.testng.Assert.assertEquals(Assert.java:575)
at org.testng.Assert.assertEquals(Assert.java:585)
at megastores.Forgot_Password.existing_email_id(Forgot_Password.java:52)
at sun.reflect.NativeMethodAccessorImpl.invoke0(Native Method)
at sun.reflect.NativeMethodAccessorImpl.invoke(NativeMethodAccessorImpl.java:62)
at sun.reflect.DelegatingMethodAccessorImpl.invoke(DelegatingMethodAccessorImpl.java:43)
at java.lang.reflect.Method.invoke(Method.java:498)
at org.testng.internal.MethodInvocationHelper.invokeMethod(MethodInvocationHelper.java:135)
at org.testng.internal.TestInvoker.invokeMethod(TestInvoker.java:598)
at org.testng.internal.TestInvoker.retryFailed(TestInvoker.java:214)
at org.testng.internal.MethodRunner.runInSequence(MethodRunner.java:58)
at org.testng.internal.TestInvoker$MethodInvocationAgent.invoke(TestInvoker.java:821)
at org.testng.internal.TestInvoker.invokeTestMethods(TestInvoker.java:147)
at org.testng.internal.TestMethodWorker.invokeTestMethods(TestMethodWorker.java:146)
at org.testng.internal.TestMethodWorker.run(TestMethodWorker.java:128)
at java.util.ArrayList.forEach(ArrayList.java:1257)
at org.testng.TestRunner.privateRun(TestRunner.java:767)
at org.testng.TestRunner.run(TestRunner.java:588)
at org.testng.SuiteRunner.runTest(SuiteRunner.java:384)
at org.testng.SuiteRunner.runSequentially(SuiteRunner.java:378)
at org.testng.SuiteRunner.privateRun(SuiteRunner.java:337)
at org.testng.SuiteRunner.run(SuiteRunner.java:286)
at org.testng.SuiteRunnerWorker.runSuite(SuiteRunnerWorker.java:53)
at org.testng.SuiteRunnerWorker.run(SuiteRunnerWorker.java:96)
at org.testng.TestNG.runSuitesSequentially(TestNG.java:1214)
at org.testng.TestNG.runSuitesLocally(TestNG.java:1136)
at org.testng.TestNG.runSuites(TestNG.java:1066)
at org.testng.TestNG.run(TestNG.java:1034)
at org.testng.remote.AbstractRemoteTestNG.run(AbstractRemoteTestNG.java:115)
at org.testng.remote.RemoteTestNG.initAndRun(RemoteTestNG.java:251)
at org.testng.remote.RemoteTestNG.main(RemoteTestNG.java:77)
]]>
            </full-stacktrace>
          </exception> <!-- java.lang.AssertionError -->
          <reporter-output>
          </reporter-output>
        </test-method> <!-- existing_email_id -->
        <test-method status="SKIP" signature="existing_email_id()[pri:1, instance:megastores.Forgot_Password@71bbf57e]" name="existing_email_id" duration-ms="8" retried="true" started-at="2020-06-12T15:33:21 IST" finished-at="2020-06-12T15:33:21 IST">
          <exception class="java.lang.AssertionError">
            <message>
              <![CDATA[expected [http://54.147.24.85/megastores/forgot-password] but found [http://54.147.24.85/megastores/]]]>
            </message>
            <full-stacktrace>
              <![CDATA[java.lang.AssertionError: expected [http://54.147.24.85/megastores/forgot-password] but found [http://54.147.24.85/megastores/]
at org.testng.Assert.fail(Assert.java:97)
at org.testng.Assert.assertEqualsImpl(Assert.java:136)
at org.testng.Assert.assertEquals(Assert.java:118)
at org.testng.Assert.assertEquals(Assert.java:575)
at org.testng.Assert.assertEquals(Assert.java:585)
at megastores.Forgot_Password.existing_email_id(Forgot_Password.java:52)
at sun.reflect.NativeMethodAccessorImpl.invoke0(Native Method)
at sun.reflect.NativeMethodAccessorImpl.invoke(NativeMethodAccessorImpl.java:62)
at sun.reflect.DelegatingMethodAccessorImpl.invoke(DelegatingMethodAccessorImpl.java:43)
at java.lang.reflect.Method.invoke(Method.java:498)
at org.testng.internal.MethodInvocationHelper.invokeMethod(MethodInvocationHelper.java:135)
at org.testng.internal.TestInvoker.invokeMethod(TestInvoker.java:598)
at org.testng.internal.TestInvoker.retryFailed(TestInvoker.java:214)
at org.testng.internal.MethodRunner.runInSequence(MethodRunner.java:58)
at org.testng.internal.TestInvoker$MethodInvocationAgent.invoke(TestInvoker.java:821)
at org.testng.internal.TestInvoker.invokeTestMethods(TestInvoker.java:147)
at org.testng.internal.TestMethodWorker.invokeTestMethods(TestMethodWorker.java:146)
at org.testng.internal.TestMethodWorker.run(TestMethodWorker.java:128)
at java.util.ArrayList.forEach(ArrayList.java:1257)
at org.testng.TestRunner.privateRun(TestRunner.java:767)
at org.testng.TestRunner.run(TestRunner.java:588)
at org.testng.SuiteRunner.runTest(SuiteRunner.java:384)
at org.testng.SuiteRunner.runSequentially(SuiteRunner.java:378)
at org.testng.SuiteRunner.privateRun(SuiteRunner.java:337)
at org.testng.SuiteRunner.run(SuiteRunner.java:286)
at org.testng.SuiteRunnerWorker.runSuite(SuiteRunnerWorker.java:53)
at org.testng.SuiteRunnerWorker.run(SuiteRunnerWorker.java:96)
at org.testng.TestNG.runSuitesSequentially(TestNG.java:1214)
at org.testng.TestNG.runSuitesLocally(TestNG.java:1136)
at org.testng.TestNG.runSuites(TestNG.java:1066)
at org.testng.TestNG.run(TestNG.java:1034)
at org.testng.remote.AbstractRemoteTestNG.run(AbstractRemoteTestNG.java:115)
at org.testng.remote.RemoteTestNG.initAndRun(RemoteTestNG.java:251)
at org.testng.remote.RemoteTestNG.main(RemoteTestNG.java:77)
]]>
            </full-stacktrace>
          </exception> <!-- java.lang.AssertionError -->
          <reporter-output>
          </reporter-output>
        </test-method> <!-- existing_email_id -->
        <test-method status="FAIL" signature="existing_email_id()[pri:1, instance:megastores.Forgot_Password@71bbf57e]" name="existing_email_id" duration-ms="12" started-at="2020-06-12T15:33:21 IST" finished-at="2020-06-12T15:33:21 IST">
          <exception class="java.lang.AssertionError">
            <message>
              <![CDATA[expected [http://54.147.24.85/megastores/forgot-password] but found [http://54.147.24.85/megastores/]]]>
            </message>
            <full-stacktrace>
              <![CDATA[java.lang.AssertionError: expected [http://54.147.24.85/megastores/forgot-password] but found [http://54.147.24.85/megastores/]
at org.testng.Assert.fail(Assert.java:97)
at org.testng.Assert.assertEqualsImpl(Assert.java:136)
at org.testng.Assert.assertEquals(Assert.java:118)
at org.testng.Assert.assertEquals(Assert.java:575)
at org.testng.Assert.assertEquals(Assert.java:585)
at megastores.Forgot_Password.existing_email_id(Forgot_Password.java:52)
at sun.reflect.NativeMethodAccessorImpl.invoke0(Native Method)
at sun.reflect.NativeMethodAccessorImpl.invoke(NativeMethodAccessorImpl.java:62)
at sun.reflect.DelegatingMethodAccessorImpl.invoke(DelegatingMethodAccessorImpl.java:43)
at java.lang.reflect.Method.invoke(Method.java:498)
at org.testng.internal.MethodInvocationHelper.invokeMethod(MethodInvocationHelper.java:135)
at org.testng.internal.TestInvoker.invokeMethod(TestInvoker.java:598)
at org.testng.internal.TestInvoker.retryFailed(TestInvoker.java:214)
at org.testng.internal.MethodRunner.runInSequence(MethodRunner.java:58)
at org.testng.internal.TestInvoker$MethodInvocationAgent.invoke(TestInvoker.java:821)
at org.testng.internal.TestInvoker.invokeTestMethods(TestInvoker.java:147)
at org.testng.internal.TestMethodWorker.invokeTestMethods(TestMethodWorker.java:146)
at org.testng.internal.TestMethodWorker.run(TestMethodWorker.java:128)
at java.util.ArrayList.forEach(ArrayList.java:1257)
at org.testng.TestRunner.privateRun(TestRunner.java:767)
at org.testng.TestRunner.run(TestRunner.java:588)
at org.testng.SuiteRunner.runTest(SuiteRunner.java:384)
at org.testng.SuiteRunner.runSequentially(SuiteRunner.java:378)
at org.testng.SuiteRunner.privateRun(SuiteRunner.java:337)
at org.testng.SuiteRunner.run(SuiteRunner.java:286)
at org.testng.SuiteRunnerWorker.runSuite(SuiteRunnerWorker.java:53)
at org.testng.SuiteRunnerWorker.run(SuiteRunnerWorker.java:96)
at org.testng.TestNG.runSuitesSequentially(TestNG.java:1214)
at org.testng.TestNG.runSuitesLocally(TestNG.java:1136)
at org.testng.TestNG.runSuites(TestNG.java:1066)
at org.testng.TestNG.run(TestNG.java:1034)
at org.testng.remote.AbstractRemoteTestNG.run(AbstractRemoteTestNG.java:115)
at org.testng.remote.RemoteTestNG.initAndRun(RemoteTestNG.java:251)
at org.testng.remote.RemoteTestNG.main(RemoteTestNG.java:77)
]]>
            </full-stacktrace>
          </exception> <!-- java.lang.AssertionError -->
          <reporter-output>
          </reporter-output>
        </test-method> <!-- existing_email_id -->
        <test-method status="PASS" signature="non_existing_email_id()[pri:2, instance:megastores.Forgot_Password@71bbf57e]" name="non_existing_email_id" duration-ms="19323" started-at="2020-06-12T15:33:21 IST" finished-at="2020-06-12T15:33:41 IST">
          <reporter-output>
            <line>
              <![CDATA[Non Existing Email: Login clicked successfully]]>
            </line>
            <line>
              <![CDATA[Non Existing Email: Forgot Password Link clicked successfully]]>
            </line>
            <line>
              <![CDATA[Test Passed: Non Existing Email: Not redirecting the user to OTP screen if the email does not exist.]]>
            </line>
          </reporter-output>
        </test-method> <!-- non_existing_email_id -->
        <test-method status="PASS" signature="existing_phone_number()[pri:3, instance:megastores.Forgot_Password@71bbf57e]" name="existing_phone_number" duration-ms="32690" started-at="2020-06-12T15:33:41 IST" finished-at="2020-06-12T15:34:14 IST">
          <reporter-output>
            <line>
              <![CDATA[Existing Phone Number: Login clicked successfully]]>
            </line>
            <line>
              <![CDATA[Existing Phone Number: Forgot Password Link clicked successfully]]>
            </line>
            <line>
              <![CDATA[Existing Phone Number: Navigated to OTP screen successfully]]>
            </line>
            <line>
              <![CDATA[Test Passed: Existing Phone Number: Not able to Submit null OTP]]>
            </line>
          </reporter-output>
        </test-method> <!-- existing_phone_number -->
        <test-method status="PASS" signature="non_existing_phone_number()[pri:4, instance:megastores.Forgot_Password@71bbf57e]" name="non_existing_phone_number" duration-ms="20278" started-at="2020-06-12T15:34:14 IST" finished-at="2020-06-12T15:34:34 IST">
          <reporter-output>
            <line>
              <![CDATA[Non Existing Phone number: Login clicked successfully]]>
            </line>
            <line>
              <![CDATA[Non Existing Phone number: Forgot Password Link clicked successfully]]>
            </line>
            <line>
              <![CDATA[Test Passed: Non Existing Phone number: Not redirecting the user to OTP screen if the phone number does not exist.]]>
            </line>
          </reporter-output>
        </test-method> <!-- non_existing_phone_number -->
        <test-method status="PASS" signature="existing_user_name()[pri:5, instance:megastores.Forgot_Password@71bbf57e]" name="existing_user_name" duration-ms="28657" started-at="2020-06-12T15:34:34 IST" finished-at="2020-06-12T15:35:02 IST">
          <reporter-output>
            <line>
              <![CDATA[Existing username: Existing Phone Number: Login clicked successfully]]>
            </line>
            <line>
              <![CDATA[Existing username: Existing Phone Number: Forgot Password Link clicked successfully]]>
            </line>
            <line>
              <![CDATA[Existing username: Existing Phone Number: Navigated to OTP screen successfully]]>
            </line>
            <line>
              <![CDATA[Test Passed: Existing username: Existing Phone Number: Not able to Submit null OTP]]>
            </line>
          </reporter-output>
        </test-method> <!-- existing_user_name -->
        <test-method status="PASS" signature="non_existing_username()[pri:6, instance:megastores.Forgot_Password@71bbf57e]" name="non_existing_username" duration-ms="18376" started-at="2020-06-12T15:35:02 IST" finished-at="2020-06-12T15:35:21 IST">
          <reporter-output>
            <line>
              <![CDATA[Non existing username: Login clicked successfully]]>
            </line>
            <line>
              <![CDATA[Non existing username: Forgot Password Link clicked successfully]]>
            </line>
            <line>
              <![CDATA[Test Passed: Non existing username: Non Existing Phone number: Not redirecting the user to OTP screen if the phone number does not exist.]]>
            </line>
          </reporter-output>
        </test-method> <!-- non_existing_username -->
        <test-method status="PASS" signature="empty_field()[pri:7, instance:megastores.Forgot_Password@71bbf57e]" name="empty_field" duration-ms="16027" started-at="2020-06-12T15:35:21 IST" finished-at="2020-06-12T15:35:37 IST">
          <reporter-output>
            <line>
              <![CDATA[Empty field: Login clicked successfully]]>
            </line>
            <line>
              <![CDATA[Empty field: Forgot Password Link clicked successfully]]>
            </line>
            <line>
              <![CDATA[Test Passed : Empty field : Not redirecting user to OTP screen if the fields are empty]]>
            </line>
          </reporter-output>
        </test-method> <!-- empty_field -->
        <test-method status="PASS" signature="quit()[pri:0, instance:megastores.Forgot_Password@71bbf57e]" name="quit" is-config="true" duration-ms="705" started-at="2020-06-12T15:35:37 IST" finished-at="2020-06-12T15:35:38 IST">
          <reporter-output>
          </reporter-output>
        </test-method> <!-- quit -->
      </class> <!-- megastores.Forgot_Password -->
    </test> <!-- Forgot_Password Test -->
    <test name="Forgot_Username Test" duration-ms="128672" started-at="2020-06-12T15:35:38 IST" finished-at="2020-06-12T15:37:46 IST">
      <class name="megastores.Forgot_Username">
        <test-method status="PASS" signature="browser_launch()[pri:0, instance:megastores.Forgot_Username@10bbd20a]" name="browser_launch" is-config="true" duration-ms="21079" started-at="2020-06-12T15:35:38 IST" finished-at="2020-06-12T15:35:59 IST">
          <reporter-output>
          </reporter-output>
        </test-method> <!-- browser_launch -->
        <test-method status="PASS" signature="fgt_usr_existing_username()[pri:1, instance:megastores.Forgot_Username@10bbd20a]" name="fgt_usr_existing_username" duration-ms="26381" started-at="2020-06-12T15:35:59 IST" finished-at="2020-06-12T15:36:25 IST">
          <reporter-output>
            <line>
              <![CDATA[Existing Username: Login clicked successfully]]>
            </line>
            <line>
              <![CDATA[Existing Username: Forgot Password Link clicked successfully]]>
            </line>
            <line>
              <![CDATA[Existing Username: Forgot Username Link clicked successfully]]>
            </line>
            <line>
              <![CDATA[Test Passed : Username successfully sent to email id.]]>
            </line>
          </reporter-output>
        </test-method> <!-- fgt_usr_existing_username -->
        <test-method status="PASS" signature="fgt_user_non_existing_username()[pri:2, instance:megastores.Forgot_Username@10bbd20a]" name="fgt_user_non_existing_username" duration-ms="26630" started-at="2020-06-12T15:36:25 IST" finished-at="2020-06-12T15:36:52 IST">
          <reporter-output>
            <line>
              <![CDATA[Non-Existing Username: Login clicked successfully]]>
            </line>
            <line>
              <![CDATA[Non-Existing Username: Forgot Password Link clicked successfully]]>
            </line>
            <line>
              <![CDATA[Non-Existing Username: Forgot Username Link clicked successfully]]>
            </line>
            <line>
              <![CDATA[Test Passed: Non-Existing Username: Giving User Not found message if the email id does not exist]]>
            </line>
          </reporter-output>
        </test-method> <!-- fgt_user_non_existing_username -->
        <test-method status="PASS" signature="fgt_usr_empty_email()[pri:3, instance:megastores.Forgot_Username@10bbd20a]" name="fgt_usr_empty_email" duration-ms="27177" started-at="2020-06-12T15:36:52 IST" finished-at="2020-06-12T15:37:19 IST">
          <reporter-output>
            <line>
              <![CDATA[Empty Email: Login clicked successfully]]>
            </line>
            <line>
              <![CDATA[Empty email: Forgot Password Link clicked successfully]]>
            </line>
            <line>
              <![CDATA[Empty email: Forgot Username Link clicked successfully]]>
            </line>
            <line>
              <![CDATA[Test Passed: Empty email: Displaying message as Email is required and will not Send]]>
            </line>
          </reporter-output>
        </test-method> <!-- fgt_usr_empty_email -->
        <test-method status="PASS" signature="fgt_usr_invalid_email()[pri:4, instance:megastores.Forgot_Username@10bbd20a]" name="fgt_usr_invalid_email" duration-ms="26666" started-at="2020-06-12T15:37:19 IST" finished-at="2020-06-12T15:37:46 IST">
          <reporter-output>
            <line>
              <![CDATA[Invalid Email: Login clicked successfully]]>
            </line>
            <line>
              <![CDATA[Invalid email: Forgot Password Link clicked successfully]]>
            </line>
            <line>
              <![CDATA[Invalid email: Forgot Username Link clicked successfully]]>
            </line>
            <line>
              <![CDATA[Test Passed: Invalid email: Empty email: Displaying message please enter a valid email address.]]>
            </line>
          </reporter-output>
        </test-method> <!-- fgt_usr_invalid_email -->
        <test-method status="PASS" signature="quit()[pri:0, instance:megastores.Forgot_Username@10bbd20a]" name="quit" is-config="true" duration-ms="730" started-at="2020-06-12T15:37:46 IST" finished-at="2020-06-12T15:37:46 IST">
          <reporter-output>
          </reporter-output>
        </test-method> <!-- quit -->
      </class> <!-- megastores.Forgot_Username -->
    </test> <!-- Forgot_Username Test -->
    <test name="Change_Profile_Info Test" duration-ms="120784" started-at="2020-06-12T15:37:46 IST" finished-at="2020-06-12T15:39:47 IST">
      <class name="megastores.Change_Profile_Info">
        <test-method status="PASS" signature="browser_launch()[pri:0, instance:megastores.Change_Profile_Info@394e1a0f]" name="browser_launch" is-config="true" duration-ms="22367" started-at="2020-06-12T15:37:46 IST" finished-at="2020-06-12T15:38:09 IST">
          <reporter-output>
          </reporter-output>
        </test-method> <!-- browser_launch -->
        <test-method status="PASS" signature="Go_to_profile()[pri:1, instance:megastores.Change_Profile_Info@394e1a0f]" name="Go_to_profile" duration-ms="33755" started-at="2020-06-12T15:38:09 IST" finished-at="2020-06-12T15:38:42 IST">
          <reporter-output>
            <line>
              <![CDATA[Login clicked]]>
            </line>
            <line>
              <![CDATA[Username added]]>
            </line>
            <line>
              <![CDATA[Password added]]>
            </line>
            <line>
              <![CDATA[Submit clicked]]>
            </line>
            <line>
              <![CDATA[Login successfull]]>
            </line>
            <line>
              <![CDATA[Test Passed : User successfully directed to My account]]>
            </line>
          </reporter-output>
        </test-method> <!-- Go_to_profile -->
        <test-method status="PASS" signature="empty_fname_lname()[pri:2, instance:megastores.Change_Profile_Info@394e1a0f]" name="empty_fname_lname" duration-ms="16723" started-at="2020-06-12T15:38:42 IST" finished-at="2020-06-12T15:38:59 IST">
          <reporter-output>
            <line>
              <![CDATA[Tooltip size 2]]>
            </line>
            <line>
              <![CDATA[Test Passed: field required message found at tooltip 0]]>
            </line>
            <line>
              <![CDATA[Test Passed: field required message found at tooltip 1]]>
            </line>
          </reporter-output>
        </test-method> <!-- empty_fname_lname -->
        <test-method status="PASS" signature="empty_fname()[pri:3, instance:megastores.Change_Profile_Info@394e1a0f]" name="empty_fname" duration-ms="13552" started-at="2020-06-12T15:38:59 IST" finished-at="2020-06-12T15:39:13 IST">
          <reporter-output>
            <line>
              <![CDATA[Tooltip size 1]]>
            </line>
            <line>
              <![CDATA[Test Passed: field required message found at tooltip 0]]>
            </line>
          </reporter-output>
        </test-method> <!-- empty_fname -->
        <test-method status="PASS" signature="lname_empty()[pri:4, instance:megastores.Change_Profile_Info@394e1a0f]" name="lname_empty" duration-ms="13554" started-at="2020-06-12T15:39:13 IST" finished-at="2020-06-12T15:39:26 IST">
          <reporter-output>
            <line>
              <![CDATA[Tooltip size 1]]>
            </line>
            <line>
              <![CDATA[Test Passed: field required message found at tooltip 0]]>
            </line>
          </reporter-output>
        </test-method> <!-- lname_empty -->
[...]
at org.testng.remote.RemoteTestNG.initAndRun(RemoteTestNG.java:251)
at org.testng.remote.RemoteTestNG.main(RemoteTestNG.java:77)
]]>
            </full-stacktrace>
          </exception> <!-- java.lang.AssertionError -->
          <reporter-output>
            <line>
              <![CDATA[Go to trending product]]>
            </line>
            <line>
              <![CDATA[Clicked on product successfully]]>
            </line>
            <line>
              <![CDATA[Focus shifted to product detail view successfully]]>
            </line>
            <line>
              <![CDATA[Go to review tab]]>
            </line>
          </reporter-output>
        </test-method> <!-- vote_review_guest -->
        <test-method status="PASS" signature="quit()[pri:0, instance:megastores.product_reviewt_thumb_guest@401e7803]" name="quit" is-config="true" duration-ms="767" started-at="2020-06-12T16:29:29 IST" finished-at="2020-06-12T16:29:30 IST">
          <reporter-output>
          </reporter-output>
        </test-method> <!-- quit -->
      </class> <!-- megastores.product_reviewt_thumb_guest -->
    </test> <!-- product_reviewt_thumb_guest -->
    <test name="Quick_view_guest" duration-ms="39868" started-at="2020-06-12T16:29:30 IST" finished-at="2020-06-12T16:30:10 IST">
      <class name="megastores.Quick_view_guest">
        <test-method status="PASS" signature="browser_launched()[pri:0, instance:megastores.Quick_view_guest@706a04ae]" name="browser_launched" is-config="true" duration-ms="17928" started-at="2020-06-12T16:29:30 IST" finished-at="2020-06-12T16:29:48 IST">
          <reporter-output>
          </reporter-output>
        </test-method> <!-- browser_launched -->
        <test-method status="PASS" signature="quickview_guest()[pri:1, instance:megastores.Quick_view_guest@706a04ae]" name="quickview_guest" duration-ms="21254" started-at="2020-06-12T16:29:48 IST" finished-at="2020-06-12T16:30:09 IST">
          <reporter-output>
            <line>
              <![CDATA[Product selected sucessfully]]>
            </line>
            <line>
              <![CDATA[Clicked on quick view button sucessfully]]>
            </line>
            <line>
              <![CDATA[Clicked on cancle button of quick view sucessfully]]>
            </line>
          </reporter-output>
        </test-method> <!-- quickview_guest -->
        <test-method status="PASS" signature="quit()[pri:0, instance:megastores.Quick_view_guest@706a04ae]" name="quit" is-config="true" duration-ms="685" started-at="2020-06-12T16:30:09 IST" finished-at="2020-06-12T16:30:10 IST">
          <reporter-output>
          </reporter-output>
        </test-method> <!-- quit -->
      </class> <!-- megastores.Quick_view_guest -->
    </test> <!-- Quick_view_guest -->
    <test name="Quick_view_login" duration-ms="90265" started-at="2020-06-12T16:30:10 IST" finished-at="2020-06-12T16:31:40 IST">
      <class name="megastores.Quick_view_login">
        <test-method status="PASS" signature="browser_launched()[pri:0, instance:megastores.Quick_view_login@149494d8]" name="browser_launched" is-config="true" duration-ms="15165" started-at="2020-06-12T16:30:10 IST" finished-at="2020-06-12T16:30:25 IST">
          <reporter-output>
          </reporter-output>
        </test-method> <!-- browser_launched -->
        <test-method status="PASS" signature="quickview_login()[pri:1, instance:megastores.Quick_view_login@149494d8]" name="quickview_login" duration-ms="74379" started-at="2020-06-12T16:30:25 IST" finished-at="2020-06-12T16:31:40 IST">
          <reporter-output>
            <line>
              <![CDATA[Clicked on login button sucessfully]]>
            </line>
            <line>
              <![CDATA[Username added sucessfully]]>
            </line>
            <line>
              <![CDATA[Password added sucessfully]]>
            </line>
            <line>
              <![CDATA[Clicked on login button sucessfully]]>
            </line>
            <line>
              <![CDATA[Login successfull]]>
            </line>
            <line>
              <![CDATA[Go to dashboard]]>
            </line>
            <line>
              <![CDATA[Product selected successfully]]>
            </line>
            <line>
              <![CDATA[Clicked on quick view button successfully]]>
            </line>
            <line>
              <![CDATA[Clicked on cancel button successfully]]>
            </line>
          </reporter-output>
        </test-method> <!-- quickview_login -->
        <test-method status="PASS" signature="quit()[pri:0, instance:megastores.Quick_view_login@149494d8]" name="quit" is-config="true" duration-ms="718" started-at="2020-06-12T16:31:40 IST" finished-at="2020-06-12T16:31:40 IST">
          <reporter-output>
          </reporter-output>
        </test-method> <!-- quit -->
      </class> <!-- megastores.Quick_view_login -->
    </test> <!-- Quick_view_login -->
    <test name="Registration" duration-ms="227776" started-at="2020-06-12T16:31:40 IST" finished-at="2020-06-12T16:35:28 IST">
      <class name="megastores.Registration">
        <test-method status="PASS" signature="browser_launched()[pri:0, instance:megastores.Registration@77846d2c]" name="browser_launched" is-config="true" duration-ms="17026" started-at="2020-06-12T16:31:40 IST" finished-at="2020-06-12T16:31:57 IST">
          <reporter-output>
          </reporter-output>
        </test-method> <!-- browser_launched -->
        <test-method status="SKIP" signature="register()[pri:1, instance:megastores.Registration@77846d2c]" name="register" duration-ms="52144" retried="true" started-at="2020-06-12T16:31:57 IST" finished-at="2020-06-12T16:32:50 IST">
          <exception class="java.lang.AssertionError">
            <message>
              <![CDATA[null]]>
            </message>
            <full-stacktrace>
              <![CDATA[java.lang.AssertionError: null
at org.testng.Assert.fail(Assert.java:97)
at org.testng.Assert.fail(Assert.java:102)
at megastores.Registration.register(Registration.java:142)
at sun.reflect.NativeMethodAccessorImpl.invoke0(Native Method)
at sun.reflect.NativeMethodAccessorImpl.invoke(NativeMethodAccessorImpl.java:62)
at sun.reflect.DelegatingMethodAccessorImpl.invoke(DelegatingMethodAccessorImpl.java:43)
at java.lang.reflect.Method.invoke(Method.java:498)
at org.testng.internal.MethodInvocationHelper.invokeMethod(MethodInvocationHelper.java:135)
at org.testng.internal.TestInvoker.invokeMethod(TestInvoker.java:598)
at org.testng.internal.TestInvoker.invokeTestMethod(TestInvoker.java:174)
at org.testng.internal.MethodRunner.runInSequence(MethodRunner.java:46)
at org.testng.internal.TestInvoker$MethodInvocationAgent.invoke(TestInvoker.java:821)
at org.testng.internal.TestInvoker.invokeTestMethods(TestInvoker.java:147)
at org.testng.internal.TestMethodWorker.invokeTestMethods(TestMethodWorker.java:146)
at org.testng.internal.TestMethodWorker.run(TestMethodWorker.java:128)
at java.util.ArrayList.forEach(ArrayList.java:1257)
at org.testng.TestRunner.privateRun(TestRunner.java:767)
at org.testng.TestRunner.run(TestRunner.java:588)
at org.testng.SuiteRunner.runTest(SuiteRunner.java:384)
at org.testng.SuiteRunner.runSequentially(SuiteRunner.java:378)
at org.testng.SuiteRunner.privateRun(SuiteRunner.java:337)
at org.testng.SuiteRunner.run(SuiteRunner.java:286)
at org.testng.SuiteRunnerWorker.runSuite(SuiteRunnerWorker.java:53)
at org.testng.SuiteRunnerWorker.run(SuiteRunnerWorker.java:96)
at org.testng.TestNG.runSuitesSequentially(TestNG.java:1214)
at org.testng.TestNG.runSuitesLocally(TestNG.java:1136)
at org.testng.TestNG.runSuites(TestNG.java:1066)
at org.testng.TestNG.run(TestNG.java:1034)
at org.testng.remote.AbstractRemoteTestNG.run(AbstractRemoteTestNG.java:115)
at org.testng.remote.RemoteTestNG.initAndRun(RemoteTestNG.java:251)
at org.testng.remote.RemoteTestNG.main(RemoteTestNG.java:77)
]]>
            </full-stacktrace>
          </exception> <!-- java.lang.AssertionError -->
          <reporter-output>
            <line>
              <![CDATA[Clicked on register button successfully]]>
            </line>
            <line>
              <![CDATA[First name entered successfully]]>
            </line>
            <line>
              <![CDATA[Last name entered successfully]]>
            </line>
            <line>
              <![CDATA[Username entered successfully]]>
            </line>
            <line>
              <![CDATA[Country code selected successfully]]>
            </line>
            <line>
              <![CDATA[Phone no. entered successfully]]>
            </line>
            <line>
              <![CDATA[Email id entered successfully]]>
            </line>
            <line>
              <![CDATA[Password entered successfully]]>
            </line>
            <line>
              <![CDATA[Confirm password entered successfully]]>
            </line>
          </reporter-output>
        </test-method> <!-- register -->
        <test-method status="SKIP" signature="register()[pri:1, instance:megastores.Registration@77846d2c]" name="register" duration-ms="52458" retried="true" started-at="2020-06-12T16:32:50 IST" finished-at="2020-06-12T16:33:42 IST">
          <exception class="java.lang.AssertionError">
            <message>
              <![CDATA[null]]>
            </message>
            <full-stacktrace>
              <![CDATA[java.lang.AssertionError: null
at org.testng.Assert.fail(Assert.java:97)
at org.testng.Assert.fail(Assert.java:102)
at megastores.Registration.register(Registration.java:142)
at sun.reflect.NativeMethodAccessorImpl.invoke0(Native Method)
at sun.reflect.NativeMethodAccessorImpl.invoke(NativeMethodAccessorImpl.java:62)
at sun.reflect.DelegatingMethodAccessorImpl.invoke(DelegatingMethodAccessorImpl.java:43)
at java.lang.reflect.Method.invoke(Method.java:498)
at org.testng.internal.MethodInvocationHelper.invokeMethod(MethodInvocationHelper.java:135)
at org.testng.internal.TestInvoker.invokeMethod(TestInvoker.java:598)
at org.testng.internal.TestInvoker.retryFailed(TestInvoker.java:214)
at org.testng.internal.MethodRunner.runInSequence(MethodRunner.java:58)
at org.testng.internal.TestInvoker$MethodInvocationAgent.invoke(TestInvoker.java:821)
at org.testng.internal.TestInvoker.invokeTestMethods(TestInvoker.java:147)
at org.testng.internal.TestMethodWorker.invokeTestMethods(TestMethodWorker.java:146)
at org.testng.internal.TestMethodWorker.run(TestMethodWorker.java:128)
at java.util.ArrayList.forEach(ArrayList.java:1257)
at org.testng.TestRunner.privateRun(TestRunner.java:767)
at org.testng.TestRunner.run(TestRunner.java:588)
at org.testng.SuiteRunner.runTest(SuiteRunner.java:384)
at org.testng.SuiteRunner.runSequentially(SuiteRunner.java:378)
at org.testng.SuiteRunner.privateRun(SuiteRunner.java:337)
at org.testng.SuiteRunner.run(SuiteRunner.java:286)
at org.testng.SuiteRunnerWorker.runSuite(SuiteRunnerWorker.java:53)
at org.testng.SuiteRunnerWorker.run(SuiteRunnerWorker.java:96)
at org.testng.TestNG.runSuitesSequentially(TestNG.java:1214)
at org.testng.TestNG.runSuitesLocally(TestNG.java:1136)
at org.testng.TestNG.runSuites(TestNG.java:1066)
at org.testng.TestNG.run(TestNG.java:1034)
at org.testng.remote.AbstractRemoteTestNG.run(AbstractRemoteTestNG.java:115)
at org.testng.remote.RemoteTestNG.initAndRun(RemoteTestNG.java:251)
at org.testng.remote.RemoteTestNG.main(RemoteTestNG.java:77)
]]>
            </full-stacktrace>
          </exception> <!-- java.lang.AssertionError -->
          <reporter-output>
            <line>
              <![CDATA[Clicked on register button successfully]]>
            </line>
            <line>
              <![CDATA[First name entered successfully]]>
            </line>
            <line>
              <![CDATA[Last name entered successfully]]>
            </line>
            <line>
              <![CDATA[Username entered successfully]]>
            </line>
            <line>
              <![CDATA[Country code selected successfully]]>
            </line>
            <line>
              <![CDATA[Phone no. entered successfully]]>
            </line>
            <line>
              <![CDATA[Email id entered successfully]]>
            </line>
            <line>
              <![CDATA[Password entered successfully]]>
            </line>
            <line>
              <![CDATA[Confirm password entered successfully]]>
            </line>
          </reporter-output>
        </test-method> <!-- register -->
        <test-method status="SKIP" signature="register()[pri:1, instance:megastores.Registration@77846d2c]" name="register" duration-ms="52624" retried="true" started-at="2020-06-12T16:33:42 IST" finished-at="2020-06-12T16:34:35 IST">
          <exception class="java.lang.AssertionError">
            <message>
              <![CDATA[null]]>
            </message>
            <full-stacktrace>
              <![CDATA[java.lang.AssertionError: null
at org.testng.Assert.fail(Assert.java:97)
at org.testng.Assert.fail(Assert.java:102)
at megastores.Registration.register(Registration.java:142)
at sun.reflect.NativeMethodAccessorImpl.invoke0(Native Method)
at sun.reflect.NativeMethodAccessorImpl.invoke(NativeMethodAccessorImpl.java:62)
at sun.reflect.DelegatingMethodAccessorImpl.invoke(DelegatingMethodAccessorImpl.java:43)
at java.lang.reflect.Method.invoke(Method.java:498)
at org.testng.internal.MethodInvocationHelper.invokeMethod(MethodInvocationHelper.java:135)
at org.testng.internal.TestInvoker.invokeMethod(TestInvoker.java:598)
at org.testng.internal.TestInvoker.retryFailed(TestInvoker.java:214)
at org.testng.internal.MethodRunner.runInSequence(MethodRunner.java:58)
at org.testng.internal.TestInvoker$MethodInvocationAgent.invoke(TestInvoker.java:821)
at org.testng.internal.TestInvoker.invokeTestMethods(TestInvoker.java:147)
at org.testng.internal.TestMethodWorker.invokeTestMethods(TestMethodWorker.java:146)
at org.testng.internal.TestMethodWorker.run(TestMethodWorker.java:128)
at java.util.ArrayList.forEach(ArrayList.java:1257)
at org.testng.TestRunner.privateRun(TestRunner.java:767)
at org.testng.TestRunner.run(TestRunner.java:588)
at org.testng.SuiteRunner.runTest(SuiteRunner.java:384)
at org.testng.SuiteRunner.runSequentially(SuiteRunner.java:378)
at org.testng.SuiteRunner.privateRun(SuiteRunner.java:337)
at org.testng.SuiteRunner.run(SuiteRunner.java:286)
at org.testng.SuiteRunnerWorker.runSuite(SuiteRunnerWorker.java:53)
at org.testng.SuiteRunnerWorker.run(SuiteRunnerWorker.java:96)
at org.testng.TestNG.runSuitesSequentially(TestNG.java:1214)
at org.testng.TestNG.runSuitesLocally(TestNG.java:1136)
at org.testng.TestNG.runSuites(TestNG.java:1066)
at org.testng.TestNG.run(TestNG.java:1034)
at org.testng.remote.AbstractRemoteTestNG.run(AbstractRemoteTestNG.java:115)
at org.testng.remote.RemoteTestNG.initAndRun(RemoteTestNG.java:251)
at org.testng.remote.RemoteTestNG.main(RemoteTestNG.java:77)
]]>
            </full-stacktrace>
          </exception> <!-- java.lang.AssertionError -->
          <reporter-output>
            <line>
              <![CDATA[Clicked on register button successfully]]>
            </line>
            <line>
              <![CDATA[First name entered successfully]]>
            </line>
            <line>
              <![CDATA[Last name entered successfully]]>
            </line>
            <line>
              <![CDATA[Username entered successfully]]>
            </line>
            <line>
              <![CDATA[Country code selected successfully]]>
            </line>
            <line>
              <![CDATA[Phone no. entered successfully]]>
            </line>
            <line>
              <![CDATA[Email id entered successfully]]>
            </line>
            <line>
              <![CDATA[Password entered successfully]]>
            </line>
            <line>
              <![CDATA[Confirm password entered successfully]]>
            </line>
          </reporter-output>
        </test-method> <!-- register -->
        <test-method status="FAIL" signature="register()[pri:1, instance:megastores.Registration@77846d2c]" name="register" duration-ms="52799" started-at="2020-06-12T16:34:35 IST" finished-at="2020-06-12T16:35:27 IST">
          <exception class="java.lang.AssertionError">
            <message>
              <![CDATA[null]]>
            </message>
            <full-stacktrace>
              <![CDATA[java.lang.AssertionError: null
at org.testng.Assert.fail(Assert.java:97)
at org.testng.Assert.fail(Assert.java:102)
at megastores.Registration.register(Registration.java:142)
at sun.reflect.NativeMethodAccessorImpl.invoke0(Native Method)
at sun.reflect.NativeMethodAccessorImpl.invoke(NativeMethodAccessorImpl.java:62)
at sun.reflect.DelegatingMethodAccessorImpl.invoke(DelegatingMethodAccessorImpl.java:43)
at java.lang.reflect.Method.invoke(Method.java:498)
at org.testng.internal.MethodInvocationHelper.invokeMethod(MethodInvocationHelper.java:135)
at org.testng.internal.TestInvoker.invokeMethod(TestInvoker.java:598)
at org.testng.internal.TestInvoker.retryFailed(TestInvoker.java:214)
at org.testng.internal.MethodRunner.runInSequence(MethodRunner.java:58)
at org.testng.internal.TestInvoker$MethodInvocationAgent.invoke(TestInvoker.java:821)
at org.testng.internal.TestInvoker.invokeTestMethods(TestInvoker.java:147)
at org.testng.internal.TestMethodWorker.invokeTestMethods(TestMethodWorker.java:146)
at org.testng.internal.TestMethodWorker.run(TestMethodWorker.java:128)
at java.util.ArrayList.forEach(ArrayList.java:1257)
at org.testng.TestRunner.privateRun(TestRunner.java:767)
at org.testng.TestRunner.run(TestRunner.java:588)
at org.testng.SuiteRunner.runTest(SuiteRunner.java:384)
at org.testng.SuiteRunner.runSequentially(SuiteRunner.java:378)
at org.testng.SuiteRunner.privateRun(SuiteRunner.java:337)
at org.testng.SuiteRunner.run(SuiteRunner.java:286)
at org.testng.SuiteRunnerWorker.runSuite(SuiteRunnerWorker.java:53)
at org.testng.SuiteRunnerWorker.run(SuiteRunnerWorker.java:96)
at org.testng.TestNG.runSuitesSequentially(TestNG.java:1214)
at org.testng.TestNG.runSuitesLocally(TestNG.java:1136)
at org.testng.TestNG.runSuites(TestNG.java:1066)
at org.testng.TestNG.run(TestNG.java:1034)
at org.testng.remote.AbstractRemoteTestNG.run(AbstractRemoteTestNG.java:115)
at org.testng.remote.RemoteTestNG.initAndRun(RemoteTestNG.java:251)
at org.testng.remote.RemoteTestNG.main(RemoteTestNG.java:77)
]]>
            </full-stacktrace>
          </exception> <!-- java.lang.AssertionError -->
          <reporter-output>
            <line>
              <![CDATA[Clicked on register button successfully]]>
            </line>
            <line>
              <![CDATA[First name entered successfully]]>
            </line>
            <line>
              <![CDATA[Last name entered successfully]]>
            </line>
            <line>
              <![CDATA[Username entered successfully]]>
            </line>
            <line>
              <![CDATA[Country code selected successfully]]>
            </line>
            <line>
              <![CDATA[Phone no. entered successfully]]>
            </line>
            <line>
              <![CDATA[Email id entered successfully]]>
            </line>
            <line>
              <![CDATA[Password entered successfully]]>
            </line>
            <line>
              <![CDATA[Confirm password entered successfully]]>
            </line>
          </reporter-output>
        </test-method> <!-- register -->
        <test-method status="PASS" signature="quit()[pri:0, instance:megastores.Registration@77846d2c]" name="quit" is-config="true" duration-ms="717" started-at="2020-06-12T16:35:27 IST" finished-at="2020-06-12T16:35:28 IST">
          <reporter-output>
          </reporter-output>
        </test-method> <!-- quit -->
      </class> <!-- megastores.Registration -->
    </test> <!-- Registration -->
  </suite> <!-- Default suite -->
</testng-results>
